#
# A fatal error has been detected by the Java Runtime Environment:
#
#  EXCEPTION_ACCESS_VIOLATION (0xc0000005) at pc=0x453cfd03, pid=308, tid=1648
#
# JRE version: Java(TM) SE Runtime Environment (8.0_31-b13) (build 1.8.0_31-b13)
# Java VM: Java HotSpot(TM) Client VM (25.31-b07 mixed mode windows-x86 )
# Problematic frame:
# C  0x453cfd03
#
# Failed to write core dump. Minidumps are not enabled by default on client versions of Windows
#
# If you would like to submit a bug report, please visit:
#   http://bugreport.java.com/bugreport/crash.jsp
# The crash happened outside the Java Virtual Machine in native code.
# See problematic frame for where to report the bug.
#

---------------  T H R E A D  ---------------

Current thread (0x453f3c00):  JavaThread "Daemon worker" [_thread_in_native, id=1648, stack(0x45a70000,0x45ac0000)]

siginfo: ExceptionCode=0xc0000005, writing address 0x00000025

Registers:
EAX=0x00000004, EBX=0x453f3d38, ECX=0x00000000, EDX=0x4528fb1c
ESP=0x45abd704, EBP=0x45abd738, ESI=0x45abd758, EDI=0x463e0208
EIP=0x453cfd03, EFLAGS=0x00010202

Top of Stack: (sp=0x45abd704)
0x45abd704:   453c001b 45abd7e4 00000000 57b1ca3c
0x45abd714:   57b1cb1c 48720358 00000000 00000002
0x45abd724:   453e2a04 459aa300 459aa300 45abd764
0x45abd734:   45abd770 45abd798 6396779d 453cfde0
0x45abd744:   453e2610 453e2618 453e2a04 000003ec
0x45abd754:   01a6bea9 00000000 00000000 00000000
0x45abd764:   45abd78c 578d5ec0 453f3c00 00000006
0x45abd774:   00000008 453f3c00 459aa2f8 459aa300 

Instructions: (pc=0x453cfd03)
0x453cfce3:   00 02 c0 4d 02 67 65 74 53 65 61 72 63 68 44 69
0x453cfcf3:   72 62 6a 65 63 9f 2f 9f 51 0c 00 00 88 0e 00 02
0x453cfd03:   00 68 21 21 0f 67 72 61 64 6c 65 55 73 65 72 48
0x453cfd13:   6f 6d 65 00 67 a3 2f 9f 51 e0 0c 00 8c 20 1c 3e 


Register to memory mapping:

EAX=0x00000004 is an unknown value
EBX=0x453f3d38 is an unknown value
ECX=0x00000000 is an unknown value
EDX=0x4528fb1c is an unknown value
ESP=0x45abd704 is pointing into the stack for thread: 0x453f3c00
EBP=0x45abd738 is pointing into the stack for thread: 0x453f3c00
ESI=0x45abd758 is pointing into the stack for thread: 0x453f3c00
EDI=0x463e0208 is an unknown value


Stack: [0x45a70000,0x45ac0000],  sp=0x45abd704,  free space=309k
Native frames: (J=compiled Java code, j=interpreted, Vv=VM code, C=native code)
C  0x453cfd03
C  [libaapt2_jni.dll+0x2779d]
j  com.android.tools.aapt2.Aapt2Jni.nativeCompile(Ljava/util/List;Lcom/android/tools/aapt2/Aapt2JniLogCallback;)I+0
j  com.android.tools.aapt2.Aapt2Jni.compile(Ljava/util/List;)Lcom/android/tools/aapt2/Aapt2Result;+6
j  com.android.builder.internal.aapt.v2.AaptV2Jni.lambda$compile$0(Lcom/android/ide/common/res2/CompileResourceRequest;)Ljava/io/File;+10
j  com.android.builder.internal.aapt.v2.AaptV2Jni$$Lambda$270.call()Ljava/lang/Object;+8
j  java.util.concurrent.ForkJoinTask$AdaptedCallable.exec()Z+5
j  java.util.concurrent.ForkJoinTask.doExec()I+10
j  java.util.concurrent.ForkJoinTask.externalInterruptibleAwaitDone()I+61
j  java.util.concurrent.ForkJoinTask.get()Ljava/lang/Object;+17
j  com.android.ide.common.res2.MergedResourceWriter.postWriteAction()V+635
j  com.android.ide.common.res2.MergeWriter.end()V+1
j  com.android.ide.common.res2.MergedResourceWriter.end()V+1
J 4376% C1 com.android.ide.common.res2.DataMerger.mergeData(Lcom/android/ide/common/res2/MergeConsumer;Z)V (603 bytes) @ 0x020e239b [0x020e1b00+0x89b]
j  com.android.ide.common.res2.ResourceMerger.mergeData(Lcom/android/ide/common/res2/MergeConsumer;Z)V+7
j  com.android.build.gradle.tasks.MergeResources.doFullTaskAction()V+200
j  com.android.build.gradle.internal.tasks.IncrementalTask.taskAction(Lorg/gradle/api/tasks/incremental/IncrementalTaskInputs;)V+33
v  ~StubRoutines::call_stub
V  [jvm.dll+0x1473e5]
V  [jvm.dll+0x20d57e]
V  [jvm.dll+0x14747e]
V  [jvm.dll+0x153a6a]
V  [jvm.dll+0x153cc3]
V  [jvm.dll+0xf56d3]
C  [java.dll+0x3a75]
J 2781 C1 sun.reflect.NativeMethodAccessorImpl.invoke(Ljava/lang/Object;[Ljava/lang/Object;)Ljava/lang/Object; (104 bytes) @ 0x01acf503 [0x01acf280+0x283]
J 479 C1 sun.reflect.DelegatingMethodAccessorImpl.invoke(Ljava/lang/Object;[Ljava/lang/Object;)Ljava/lang/Object; (10 bytes) @ 0x01b56bbf [0x01b56b90+0x2f]
J 478 C1 java.lang.reflect.Method.invoke(Ljava/lang/Object;[Ljava/lang/Object;)Ljava/lang/Object; (62 bytes) @ 0x01b568f1 [0x01b56840+0xb1]
j  org.gradle.internal.reflect.JavaMethod.invoke(Ljava/lang/Object;[Ljava/lang/Object;)Ljava/lang/Object;+6
j  org.gradle.api.internal.project.taskfactory.DefaultTaskClassInfoStore$IncrementalTaskAction.doExecute(Lorg/gradle/api/Task;Ljava/lang/String;)V+35
j  org.gradle.api.internal.project.taskfactory.DefaultTaskClassInfoStore$StandardTaskAction.execute(Lorg/gradle/api/Task;)V+32
j  org.gradle.api.internal.project.taskfactory.DefaultTaskClassInfoStore$StandardTaskAction.execute(Ljava/lang/Object;)V+5
j  org.gradle.api.internal.tasks.execution.ExecuteActionsTaskExecuter$1.run(Lorg/gradle/internal/operations/BuildOperationContext;)V+23
J 3861 C1 org.gradle.internal.progress.DefaultBuildOperationExecutor$RunnableBuildOperationWorker.execute(Lorg/gradle/internal/operations/BuildOperation;Lorg/gradle/internal/operations/BuildOperationContext;)V (10 bytes) @ 0x0205da3f [0x0205d9d0+0x6f]
j  org.gradle.internal.progress.DefaultBuildOperationExecutor.execute(Lorg/gradle/internal/operations/BuildOperation;Lorg/gradle/internal/operations/BuildOperationWorker;Lorg/gradle/internal/progress/DefaultBuildOperationExecutor$DefaultBuildOperationState;)V+177
j  org.gradle.internal.progress.DefaultBuildOperationExecutor.run(Lorg/gradle/internal/operations/RunnableBuildOperation;)V+20
j  org.gradle.api.internal.tasks.execution.ExecuteActionsTaskExecuter.executeAction(Ljava/lang/String;Lorg/gradle/api/internal/TaskInternal;Lorg/gradle/api/internal/tasks/ContextAwareTaskAction;Lorg/gradle/api/internal/tasks/TaskExecutionContext;)V+23
j  org.gradle.api.internal.tasks.execution.ExecuteActionsTaskExecuter.executeActions(Lorg/gradle/api/internal/TaskInternal;Lorg/gradle/api/internal/tasks/TaskStateInternal;Lorg/gradle/api/internal/tasks/TaskExecutionContext;)Lorg/gradle/api/GradleException;+131
j  org.gradle.api.internal.tasks.execution.ExecuteActionsTaskExecuter.execute(Lorg/gradle/api/internal/TaskInternal;Lorg/gradle/api/internal/tasks/TaskStateInternal;Lorg/gradle/api/internal/tasks/TaskExecutionContext;)V+42
j  org.gradle.api.internal.tasks.execution.SkipUpToDateTaskExecuter.execute(Lorg/gradle/api/internal/TaskInternal;Lorg/gradle/api/internal/tasks/TaskStateInternal;Lorg/gradle/api/internal/tasks/TaskExecutionContext;)V+124
j  org.gradle.api.internal.tasks.execution.ResolveTaskOutputCachingStateExecuter.execute(Lorg/gradle/api/internal/TaskInternal;Lorg/gradle/api/internal/tasks/TaskStateInternal;Lorg/gradle/api/internal/tasks/TaskExecutionContext;)V+96
j  org.gradle.api.internal.tasks.execution.ValidatingTaskExecuter.execute(Lorg/gradle/api/internal/TaskInternal;Lorg/gradle/api/internal/tasks/TaskStateInternal;Lorg/gradle/api/internal/tasks/TaskExecutionContext;)V+215
j  org.gradle.api.internal.tasks.execution.SkipEmptySourceFilesTaskExecuter.execute(Lorg/gradle/api/internal/TaskInternal;Lorg/gradle/api/internal/tasks/TaskStateInternal;Lorg/gradle/api/internal/tasks/TaskExecutionContext;)V+335
j  org.gradle.api.internal.tasks.execution.ResolveTaskArtifactStateTaskExecuter.execute(Lorg/gradle/api/internal/TaskInternal;Lorg/gradle/api/internal/tasks/TaskStateInternal;Lorg/gradle/api/internal/tasks/TaskExecutionContext;)V+72
j  org.gradle.api.internal.tasks.execution.SkipTaskWithNoActionsExecuter.execute(Lorg/gradle/api/internal/TaskInternal;Lorg/gradle/api/internal/tasks/TaskStateInternal;Lorg/gradle/api/internal/tasks/TaskExecutionContext;)V+124
j  org.gradle.api.internal.tasks.execution.SkipOnlyIfTaskExecuter.execute(Lorg/gradle/api/internal/TaskInternal;Lorg/gradle/api/internal/tasks/TaskStateInternal;Lorg/gradle/api/internal/tasks/TaskExecutionContext;)V+85
j  org.gradle.api.internal.tasks.execution.ExecuteAtMostOnceTaskExecuter.execute(Lorg/gradle/api/internal/TaskInternal;Lorg/gradle/api/internal/tasks/TaskStateInternal;Lorg/gradle/api/internal/tasks/TaskExecutionContext;)V+26
j  org.gradle.api.internal.tasks.execution.CatchExceptionTaskExecuter.execute(Lorg/gradle/api/internal/TaskInternal;Lorg/gradle/api/internal/tasks/TaskStateInternal;Lorg/gradle/api/internal/tasks/TaskExecutionContext;)V+7
j  org.gradle.execution.taskgraph.DefaultTaskGraphExecuter$EventFiringTaskWorker$1.run(Lorg/gradle/internal/operations/BuildOperationContext;)V+56
J 3861 C1 org.gradle.internal.progress.DefaultBuildOperationExecutor$RunnableBuildOperationWorker.execute(Lorg/gradle/internal/operations/BuildOperation;Lorg/gradle/internal/operations/BuildOperationContext;)V (10 bytes) @ 0x0205da3f [0x0205d9d0+0x6f]
j  org.gradle.internal.progress.DefaultBuildOperationExecutor.execute(Lorg/gradle/internal/operations/BuildOperation;Lorg/gradle/internal/operations/BuildOperationWorker;Lorg/gradle/internal/progress/DefaultBuildOperationExecutor$DefaultBuildOperationState;)V+177
j  org.gradle.internal.progress.DefaultBuildOperationExecutor.run(Lorg/gradle/internal/operations/RunnableBuildOperation;)V+20
j  org.gradle.execution.taskgraph.DefaultTaskGraphExecuter$EventFiringTaskWorker.execute(Lorg/gradle/api/internal/TaskInternal;)V+16
j  org.gradle.execution.taskgraph.DefaultTaskGraphExecuter$EventFiringTaskWorker.execute(Ljava/lang/Object;)V+5
j  org.gradle.execution.taskgraph.DefaultTaskPlanExecutor$TaskExecutorWorker.processTask(Lorg/gradle/execution/taskgraph/TaskInfo;)V+8
j  org.gradle.execution.taskgraph.DefaultTaskPlanExecutor$TaskExecutorWorker.access$200(Lorg/gradle/execution/taskgraph/DefaultTaskPlanExecutor$TaskExecutorWorker;Lorg/gradle/execution/taskgraph/TaskInfo;)V+2
j  org.gradle.execution.taskgraph.DefaultTaskPlanExecutor$TaskExecutorWorker$1.execute(Lorg/gradle/execution/taskgraph/TaskInfo;)V+38
j  org.gradle.execution.taskgraph.DefaultTaskPlanExecutor$TaskExecutorWorker$1.execute(Ljava/lang/Object;)V+5
j  org.gradle.execution.taskgraph.DefaultTaskExecutionPlan.execute(Lorg/gradle/execution/taskgraph/TaskInfo;Lorg/gradle/internal/work/WorkerLeaseRegistry$WorkerLease;Lorg/gradle/api/Action;)V+14
j  org.gradle.execution.taskgraph.DefaultTaskExecutionPlan.executeWithTask(Lorg/gradle/internal/work/WorkerLeaseRegistry$WorkerLease;Lorg/gradle/api/Action;)Z+53
j  org.gradle.execution.taskgraph.DefaultTaskPlanExecutor$TaskExecutorWorker.run()V+52
j  org.gradle.execution.taskgraph.DefaultTaskPlanExecutor.process(Lorg/gradle/execution/taskgraph/TaskExecutionPlan;Lorg/gradle/api/Action;)V+67
j  org.gradle.execution.taskgraph.DefaultTaskGraphExecuter.execute()V+61
j  org.gradle.execution.SelectedTaskExecutionAction.execute(Lorg/gradle/execution/BuildExecutionContext;)V+55
j  org.gradle.execution.DefaultBuildExecuter.execute(Lorg/gradle/api/internal/GradleInternal;I)V+37
j  org.gradle.execution.DefaultBuildExecuter.access$000(Lorg/gradle/execution/DefaultBuildExecuter;Lorg/gradle/api/internal/GradleInternal;I)V+3
j  org.gradle.execution.DefaultBuildExecuter$1.proceed()V+14
j  org.gradle.execution.DryRunBuildExecutionAction.execute(Lorg/gradle/execution/BuildExecutionContext;)V+121
j  org.gradle.execution.DefaultBuildExecuter.execute(Lorg/gradle/api/internal/GradleInternal;I)V+37
j  org.gradle.execution.DefaultBuildExecuter.execute(Lorg/gradle/api/internal/GradleInternal;)V+3
j  org.gradle.initialization.DefaultGradleLauncher$ExecuteTasks.run(Lorg/gradle/internal/operations/BuildOperationContext;)V+55
J 3861 C1 org.gradle.internal.progress.DefaultBuildOperationExecutor$RunnableBuildOperationWorker.execute(Lorg/gradle/internal/operations/BuildOperation;Lorg/gradle/internal/operations/BuildOperationContext;)V (10 bytes) @ 0x0205da3f [0x0205d9d0+0x6f]
j  org.gradle.internal.progress.DefaultBuildOperationExecutor.execute(Lorg/gradle/internal/operations/BuildOperation;Lorg/gradle/internal/operations/BuildOperationWorker;Lorg/gradle/internal/progress/DefaultBuildOperationExecutor$DefaultBuildOperationState;)V+177
j  org.gradle.internal.progress.DefaultBuildOperationExecutor.run(Lorg/gradle/internal/operations/RunnableBuildOperation;)V+20
j  org.gradle.initialization.DefaultGradleLauncher.runTasks()V+53
j  org.gradle.initialization.DefaultGradleLauncher.doBuildStages(Lorg/gradle/initialization/DefaultGradleLauncher$Stage;)V+37
j  org.gradle.initialization.DefaultGradleLauncher.executeTasks()Lorg/gradle/api/internal/GradleInternal;+4
j  org.gradle.internal.invocation.GradleBuildController$1.call()Lorg/gradle/api/internal/GradleInternal;+7
j  org.gradle.internal.invocation.GradleBuildController$1.call()Ljava/lang/Object;+1
j  org.gradle.internal.work.DefaultWorkerLeaseService.withLocks(Ljava/lang/Iterable;Ljava/util/concurrent/Callable;)Ljava/lang/Object;+15
j  org.gradle.internal.invocation.GradleBuildController.doBuild(Ljava/util/concurrent/Callable;)Lorg/gradle/api/internal/GradleInternal;+52
j  org.gradle.internal.invocation.GradleBuildController.run()Lorg/gradle/api/internal/GradleInternal;+9
j  org.gradle.tooling.internal.provider.runner.BuildModelActionRunner.run(Lorg/gradle/internal/invocation/BuildAction;Lorg/gradle/internal/invocation/BuildController;)V+66
j  org.gradle.launcher.exec.ChainingBuildActionRunner.run(Lorg/gradle/internal/invocation/BuildAction;Lorg/gradle/internal/invocation/BuildController;)V+34
j  org.gradle.launcher.exec.ChainingBuildActionRunner.run(Lorg/gradle/internal/invocation/BuildAction;Lorg/gradle/internal/invocation/BuildController;)V+34
j  org.gradle.tooling.internal.provider.ValidatingBuildActionRunner.run(Lorg/gradle/internal/invocation/BuildAction;Lorg/gradle/internal/invocation/BuildController;)V+6
j  org.gradle.launcher.exec.RunAsBuildOperationBuildActionRunner$1.run(Lorg/gradle/internal/operations/BuildOperationContext;)V+15
j  org.gradle.internal.progress.DefaultBuildOperationExecutor$RunnableBuildOperationWorker.execute(Lorg/gradle/internal/operations/RunnableBuildOperation;Lorg/gradle/internal/operations/BuildOperationContext;)V+2
j  org.gradle.internal.progress.DefaultBuildOperationExecutor$RunnableBuildOperationWorker.execute(Lorg/gradle/internal/operations/BuildOperation;Lorg/gradle/internal/operations/BuildOperationContext;)V+6
j  org.gradle.internal.progress.DefaultBuildOperationExecutor.execute(Lorg/gradle/internal/operations/BuildOperation;Lorg/gradle/internal/operations/BuildOperationWorker;Lorg/gradle/internal/progress/DefaultBuildOperationExecutor$DefaultBuildOperationState;)V+177
j  org.gradle.internal.progress.DefaultBuildOperationExecutor.run(Lorg/gradle/internal/operations/RunnableBuildOperation;)V+20
j  org.gradle.launcher.exec.RunAsBuildOperationBuildActionRunner.run(Lorg/gradle/internal/invocation/BuildAction;Lorg/gradle/internal/invocation/BuildController;)V+34
j  org.gradle.tooling.internal.provider.SubscribableBuildActionRunner.run(Lorg/gradle/internal/invocation/BuildAction;Lorg/gradle/internal/invocation/BuildController;)V+40
j  org.gradle.launcher.exec.InProcessBuildActionExecuter.execute(Lorg/gradle/internal/invocation/BuildAction;Lorg/gradle/initialization/BuildRequestContext;Lorg/gradle/launcher/exec/BuildActionParameters;Lorg/gradle/internal/service/ServiceRegistry;)Ljava/lang/Object;+71
j  org.gradle.launcher.exec.InProcessBuildActionExecuter.execute(Lorg/gradle/internal/invocation/BuildAction;Lorg/gradle/initialization/BuildRequestContext;Ljava/lang/Object;Lorg/gradle/internal/service/ServiceRegistry;)Ljava/lang/Object;+9
j  org.gradle.launcher.exec.BuildTreeScopeBuildActionExecuter.execute(Lorg/gradle/internal/invocation/BuildAction;Lorg/gradle/initialization/BuildRequestContext;Lorg/gradle/launcher/exec/BuildActionParameters;Lorg/gradle/internal/service/ServiceRegistry;)Ljava/lang/Object;+41
j  org.gradle.launcher.exec.BuildTreeScopeBuildActionExecuter.execute(Lorg/gradle/internal/invocation/BuildAction;Lorg/gradle/initialization/BuildRequestContext;Ljava/lang/Object;Lorg/gradle/internal/service/ServiceRegistry;)Ljava/lang/Object;+9
j  org.gradle.tooling.internal.provider.ContinuousBuildActionExecuter.execute(Lorg/gradle/internal/invocation/BuildAction;Lorg/gradle/initialization/BuildRequestContext;Lorg/gradle/launcher/exec/BuildActionParameters;Lorg/gradle/internal/service/ServiceRegistry;)Ljava/lang/Object;+28
j  org.gradle.tooling.internal.provider.ContinuousBuildActionExecuter.execute(Lorg/gradle/internal/invocation/BuildAction;Lorg/gradle/initialization/BuildRequestContext;Ljava/lang/Object;Lorg/gradle/internal/service/ServiceRegistry;)Ljava/lang/Object;+9
j  org.gradle.tooling.internal.provider.ServicesSetupBuildActionExecuter.execute(Lorg/gradle/internal/invocation/BuildAction;Lorg/gradle/initialization/BuildRequestContext;Lorg/gradle/launcher/exec/BuildActionParameters;Lorg/gradle/internal/service/ServiceRegistry;)Ljava/lang/Object;+85
...<more frames>...

Java frames: (J=compiled Java code, j=interpreted, Vv=VM code)
j  com.android.tools.aapt2.Aapt2Jni.nativeCompile(Ljava/util/List;Lcom/android/tools/aapt2/Aapt2JniLogCallback;)I+0
j  com.android.tools.aapt2.Aapt2Jni.compile(Ljava/util/List;)Lcom/android/tools/aapt2/Aapt2Result;+6
j  com.android.builder.internal.aapt.v2.AaptV2Jni.lambda$compile$0(Lcom/android/ide/common/res2/CompileResourceRequest;)Ljava/io/File;+10
j  com.android.builder.internal.aapt.v2.AaptV2Jni$$Lambda$270.call()Ljava/lang/Object;+8
j  java.util.concurrent.ForkJoinTask$AdaptedCallable.exec()Z+5
j  java.util.concurrent.ForkJoinTask.doExec()I+10
j  java.util.concurrent.ForkJoinTask.externalInterruptibleAwaitDone()I+61
j  java.util.concurrent.ForkJoinTask.get()Ljava/lang/Object;+17
j  com.android.ide.common.res2.MergedResourceWriter.postWriteAction()V+635
j  com.android.ide.common.res2.MergeWriter.end()V+1
j  com.android.ide.common.res2.MergedResourceWriter.end()V+1
J 4376% C1 com.android.ide.common.res2.DataMerger.mergeData(Lcom/android/ide/common/res2/MergeConsumer;Z)V (603 bytes) @ 0x020e239b [0x020e1b00+0x89b]
j  com.android.ide.common.res2.ResourceMerger.mergeData(Lcom/android/ide/common/res2/MergeConsumer;Z)V+7
j  com.android.build.gradle.tasks.MergeResources.doFullTaskAction()V+200
j  com.android.build.gradle.internal.tasks.IncrementalTask.taskAction(Lorg/gradle/api/tasks/incremental/IncrementalTaskInputs;)V+33
v  ~StubRoutines::call_stub
J 2782  sun.reflect.NativeMethodAccessorImpl.invoke0(Ljava/lang/reflect/Method;Ljava/lang/Object;[Ljava/lang/Object;)Ljava/lang/Object; (0 bytes) @ 0x01acefcd [0x01acef50+0x7d]
J 2781 C1 sun.reflect.NativeMethodAccessorImpl.invoke(Ljava/lang/Object;[Ljava/lang/Object;)Ljava/lang/Object; (104 bytes) @ 0x01acf503 [0x01acf280+0x283]
J 479 C1 sun.reflect.DelegatingMethodAccessorImpl.invoke(Ljava/lang/Object;[Ljava/lang/Object;)Ljava/lang/Object; (10 bytes) @ 0x01b56bbf [0x01b56b90+0x2f]
J 478 C1 java.lang.reflect.Method.invoke(Ljava/lang/Object;[Ljava/lang/Object;)Ljava/lang/Object; (62 bytes) @ 0x01b568f1 [0x01b56840+0xb1]
j  org.gradle.internal.reflect.JavaMethod.invoke(Ljava/lang/Object;[Ljava/lang/Object;)Ljava/lang/Object;+6
j  org.gradle.api.internal.project.taskfactory.DefaultTaskClassInfoStore$IncrementalTaskAction.doExecute(Lorg/gradle/api/Task;Ljava/lang/String;)V+35
j  org.gradle.api.internal.project.taskfactory.DefaultTaskClassInfoStore$StandardTaskAction.execute(Lorg/gradle/api/Task;)V+32
j  org.gradle.api.internal.project.taskfactory.DefaultTaskClassInfoStore$StandardTaskAction.execute(Ljava/lang/Object;)V+5
j  org.gradle.api.internal.tasks.execution.ExecuteActionsTaskExecuter$1.run(Lorg/gradle/internal/operations/BuildOperationContext;)V+23
J 3861 C1 org.gradle.internal.progress.DefaultBuildOperationExecutor$RunnableBuildOperationWorker.execute(Lorg/gradle/internal/operations/BuildOperation;Lorg/gradle/internal/operations/BuildOperationContext;)V (10 bytes) @ 0x0205da3f [0x0205d9d0+0x6f]
j  org.gradle.internal.progress.DefaultBuildOperationExecutor.execute(Lorg/gradle/internal/operations/BuildOperation;Lorg/gradle/internal/operations/BuildOperationWorker;Lorg/gradle/internal/progress/DefaultBuildOperationExecutor$DefaultBuildOperationState;)V+177
j  org.gradle.internal.progress.DefaultBuildOperationExecutor.run(Lorg/gradle/internal/operations/RunnableBuildOperation;)V+20
j  org.gradle.api.internal.tasks.execution.ExecuteActionsTaskExecuter.executeAction(Ljava/lang/String;Lorg/gradle/api/internal/TaskInternal;Lorg/gradle/api/internal/tasks/ContextAwareTaskAction;Lorg/gradle/api/internal/tasks/TaskExecutionContext;)V+23
j  org.gradle.api.internal.tasks.execution.ExecuteActionsTaskExecuter.executeActions(Lorg/gradle/api/internal/TaskInternal;Lorg/gradle/api/internal/tasks/TaskStateInternal;Lorg/gradle/api/internal/tasks/TaskExecutionContext;)Lorg/gradle/api/GradleException;+131
j  org.gradle.api.internal.tasks.execution.ExecuteActionsTaskExecuter.execute(Lorg/gradle/api/internal/TaskInternal;Lorg/gradle/api/internal/tasks/TaskStateInternal;Lorg/gradle/api/internal/tasks/TaskExecutionContext;)V+42
j  org.gradle.api.internal.tasks.execution.SkipUpToDateTaskExecuter.execute(Lorg/gradle/api/internal/TaskInternal;Lorg/gradle/api/internal/tasks/TaskStateInternal;Lorg/gradle/api/internal/tasks/TaskExecutionContext;)V+124
j  org.gradle.api.internal.tasks.execution.ResolveTaskOutputCachingStateExecuter.execute(Lorg/gradle/api/internal/TaskInternal;Lorg/gradle/api/internal/tasks/TaskStateInternal;Lorg/gradle/api/internal/tasks/TaskExecutionContext;)V+96
j  org.gradle.api.internal.tasks.execution.ValidatingTaskExecuter.execute(Lorg/gradle/api/internal/TaskInternal;Lorg/gradle/api/internal/tasks/TaskStateInternal;Lorg/gradle/api/internal/tasks/TaskExecutionContext;)V+215
j  org.gradle.api.internal.tasks.execution.SkipEmptySourceFilesTaskExecuter.execute(Lorg/gradle/api/internal/TaskInternal;Lorg/gradle/api/internal/tasks/TaskStateInternal;Lorg/gradle/api/internal/tasks/TaskExecutionContext;)V+335
j  org.gradle.api.internal.tasks.execution.ResolveTaskArtifactStateTaskExecuter.execute(Lorg/gradle/api/internal/TaskInternal;Lorg/gradle/api/internal/tasks/TaskStateInternal;Lorg/gradle/api/internal/tasks/TaskExecutionContext;)V+72
j  org.gradle.api.internal.tasks.execution.SkipTaskWithNoActionsExecuter.execute(Lorg/gradle/api/internal/TaskInternal;Lorg/gradle/api/internal/tasks/TaskStateInternal;Lorg/gradle/api/internal/tasks/TaskExecutionContext;)V+124
j  org.gradle.api.internal.tasks.execution.SkipOnlyIfTaskExecuter.execute(Lorg/gradle/api/internal/TaskInternal;Lorg/gradle/api/internal/tasks/TaskStateInternal;Lorg/gradle/api/internal/tasks/TaskExecutionContext;)V+85
j  org.gradle.api.internal.tasks.execution.ExecuteAtMostOnceTaskExecuter.execute(Lorg/gradle/api/internal/TaskInternal;Lorg/gradle/api/internal/tasks/TaskStateInternal;Lorg/gradle/api/internal/tasks/TaskExecutionContext;)V+26
j  org.gradle.api.internal.tasks.execution.CatchExceptionTaskExecuter.execute(Lorg/gradle/api/internal/TaskInternal;Lorg/gradle/api/internal/tasks/TaskStateInternal;Lorg/gradle/api/internal/tasks/TaskExecutionContext;)V+7
j  org.gradle.execution.taskgraph.DefaultTaskGraphExecuter$EventFiringTaskWorker$1.run(Lorg/gradle/internal/operations/BuildOperationContext;)V+56
J 3861 C1 org.gradle.internal.progress.DefaultBuildOperationExecutor$RunnableBuildOperationWorker.execute(Lorg/gradle/internal/operations/BuildOperation;Lorg/gradle/internal/operations/BuildOperationContext;)V (10 bytes) @ 0x0205da3f [0x0205d9d0+0x6f]
j  org.gradle.internal.progress.DefaultBuildOperationExecutor.execute(Lorg/gradle/internal/operations/BuildOperation;Lorg/gradle/internal/operations/BuildOperationWorker;Lorg/gradle/internal/progress/DefaultBuildOperationExecutor$DefaultBuildOperationState;)V+177
j  org.gradle.internal.progress.DefaultBuildOperationExecutor.run(Lorg/gradle/internal/operations/RunnableBuildOperation;)V+20
j  org.gradle.execution.taskgraph.DefaultTaskGraphExecuter$EventFiringTaskWorker.execute(Lorg/gradle/api/internal/TaskInternal;)V+16
j  org.gradle.execution.taskgraph.DefaultTaskGraphExecuter$EventFiringTaskWorker.execute(Ljava/lang/Object;)V+5
j  org.gradle.execution.taskgraph.DefaultTaskPlanExecutor$TaskExecutorWorker.processTask(Lorg/gradle/execution/taskgraph/TaskInfo;)V+8
j  org.gradle.execution.taskgraph.DefaultTaskPlanExecutor$TaskExecutorWorker.access$200(Lorg/gradle/execution/taskgraph/DefaultTaskPlanExecutor$TaskExecutorWorker;Lorg/gradle/execution/taskgraph/TaskInfo;)V+2
j  org.gradle.execution.taskgraph.DefaultTaskPlanExecutor$TaskExecutorWorker$1.execute(Lorg/gradle/execution/taskgraph/TaskInfo;)V+38
j  org.gradle.execution.taskgraph.DefaultTaskPlanExecutor$TaskExecutorWorker$1.execute(Ljava/lang/Object;)V+5
j  org.gradle.execution.taskgraph.DefaultTaskExecutionPlan.execute(Lorg/gradle/execution/taskgraph/TaskInfo;Lorg/gradle/internal/work/WorkerLeaseRegistry$WorkerLease;Lorg/gradle/api/Action;)V+14
j  org.gradle.execution.taskgraph.DefaultTaskExecutionPlan.executeWithTask(Lorg/gradle/internal/work/WorkerLeaseRegistry$WorkerLease;Lorg/gradle/api/Action;)Z+53
j  org.gradle.execution.taskgraph.DefaultTaskPlanExecutor$TaskExecutorWorker.run()V+52
j  org.gradle.execution.taskgraph.DefaultTaskPlanExecutor.process(Lorg/gradle/execution/taskgraph/TaskExecutionPlan;Lorg/gradle/api/Action;)V+67
j  org.gradle.execution.taskgraph.DefaultTaskGraphExecuter.execute()V+61
j  org.gradle.execution.SelectedTaskExecutionAction.execute(Lorg/gradle/execution/BuildExecutionContext;)V+55
j  org.gradle.execution.DefaultBuildExecuter.execute(Lorg/gradle/api/internal/GradleInternal;I)V+37
j  org.gradle.execution.DefaultBuildExecuter.access$000(Lorg/gradle/execution/DefaultBuildExecuter;Lorg/gradle/api/internal/GradleInternal;I)V+3
j  org.gradle.execution.DefaultBuildExecuter$1.proceed()V+14
j  org.gradle.execution.DryRunBuildExecutionAction.execute(Lorg/gradle/execution/BuildExecutionContext;)V+121
j  org.gradle.execution.DefaultBuildExecuter.execute(Lorg/gradle/api/internal/GradleInternal;I)V+37
j  org.gradle.execution.DefaultBuildExecuter.execute(Lorg/gradle/api/internal/GradleInternal;)V+3
j  org.gradle.initialization.DefaultGradleLauncher$ExecuteTasks.run(Lorg/gradle/internal/operations/BuildOperationContext;)V+55
J 3861 C1 org.gradle.internal.progress.DefaultBuildOperationExecutor$RunnableBuildOperationWorker.execute(Lorg/gradle/internal/operations/BuildOperation;Lorg/gradle/internal/operations/BuildOperationContext;)V (10 bytes) @ 0x0205da3f [0x0205d9d0+0x6f]
j  org.gradle.internal.progress.DefaultBuildOperationExecutor.execute(Lorg/gradle/internal/operations/BuildOperation;Lorg/gradle/internal/operations/BuildOperationWorker;Lorg/gradle/internal/progress/DefaultBuildOperationExecutor$DefaultBuildOperationState;)V+177
j  org.gradle.internal.progress.DefaultBuildOperationExecutor.run(Lorg/gradle/internal/operations/RunnableBuildOperation;)V+20
j  org.gradle.initialization.DefaultGradleLauncher.runTasks()V+53
j  org.gradle.initialization.DefaultGradleLauncher.doBuildStages(Lorg/gradle/initialization/DefaultGradleLauncher$Stage;)V+37
j  org.gradle.initialization.DefaultGradleLauncher.executeTasks()Lorg/gradle/api/internal/GradleInternal;+4
j  org.gradle.internal.invocation.GradleBuildController$1.call()Lorg/gradle/api/internal/GradleInternal;+7
j  org.gradle.internal.invocation.GradleBuildController$1.call()Ljava/lang/Object;+1
j  org.gradle.internal.work.DefaultWorkerLeaseService.withLocks(Ljava/lang/Iterable;Ljava/util/concurrent/Callable;)Ljava/lang/Object;+15
j  org.gradle.internal.invocation.GradleBuildController.doBuild(Ljava/util/concurrent/Callable;)Lorg/gradle/api/internal/GradleInternal;+52
j  org.gradle.internal.invocation.GradleBuildController.run()Lorg/gradle/api/internal/GradleInternal;+9
j  org.gradle.tooling.internal.provider.runner.BuildModelActionRunner.run(Lorg/gradle/internal/invocation/BuildAction;Lorg/gradle/internal/invocation/BuildController;)V+66
j  org.gradle.launcher.exec.ChainingBuildActionRunner.run(Lorg/gradle/internal/invocation/BuildAction;Lorg/gradle/internal/invocation/BuildController;)V+34
j  org.gradle.launcher.exec.ChainingBuildActionRunner.run(Lorg/gradle/internal/invocation/BuildAction;Lorg/gradle/internal/invocation/BuildController;)V+34
j  org.gradle.tooling.internal.provider.ValidatingBuildActionRunner.run(Lorg/gradle/internal/invocation/BuildAction;Lorg/gradle/internal/invocation/BuildController;)V+6
j  org.gradle.launcher.exec.RunAsBuildOperationBuildActionRunner$1.run(Lorg/gradle/internal/operations/BuildOperationContext;)V+15
j  org.gradle.internal.progress.DefaultBuildOperationExecutor$RunnableBuildOperationWorker.execute(Lorg/gradle/internal/operations/RunnableBuildOperation;Lorg/gradle/internal/operations/BuildOperationContext;)V+2
j  org.gradle.internal.progress.DefaultBuildOperationExecutor$RunnableBuildOperationWorker.execute(Lorg/gradle/internal/operations/BuildOperation;Lorg/gradle/internal/operations/BuildOperationContext;)V+6
j  org.gradle.internal.progress.DefaultBuildOperationExecutor.execute(Lorg/gradle/internal/operations/BuildOperation;Lorg/gradle/internal/operations/BuildOperationWorker;Lorg/gradle/internal/progress/DefaultBuildOperationExecutor$DefaultBuildOperationState;)V+177
j  org.gradle.internal.progress.DefaultBuildOperationExecutor.run(Lorg/gradle/internal/operations/RunnableBuildOperation;)V+20
j  org.gradle.launcher.exec.RunAsBuildOperationBuildActionRunner.run(Lorg/gradle/internal/invocation/BuildAction;Lorg/gradle/internal/invocation/BuildController;)V+34
j  org.gradle.tooling.internal.provider.SubscribableBuildActionRunner.run(Lorg/gradle/internal/invocation/BuildAction;Lorg/gradle/internal/invocation/BuildController;)V+40
j  org.gradle.launcher.exec.InProcessBuildActionExecuter.execute(Lorg/gradle/internal/invocation/BuildAction;Lorg/gradle/initialization/BuildRequestContext;Lorg/gradle/launcher/exec/BuildActionParameters;Lorg/gradle/internal/service/ServiceRegistry;)Ljava/lang/Object;+71
j  org.gradle.launcher.exec.InProcessBuildActionExecuter.execute(Lorg/gradle/internal/invocation/BuildAction;Lorg/gradle/initialization/BuildRequestContext;Ljava/lang/Object;Lorg/gradle/internal/service/ServiceRegistry;)Ljava/lang/Object;+9
j  org.gradle.launcher.exec.BuildTreeScopeBuildActionExecuter.execute(Lorg/gradle/internal/invocation/BuildAction;Lorg/gradle/initialization/BuildRequestContext;Lorg/gradle/launcher/exec/BuildActionParameters;Lorg/gradle/internal/service/ServiceRegistry;)Ljava/lang/Object;+41
j  org.gradle.launcher.exec.BuildTreeScopeBuildActionExecuter.execute(Lorg/gradle/internal/invocation/BuildAction;Lorg/gradle/initialization/BuildRequestContext;Ljava/lang/Object;Lorg/gradle/internal/service/ServiceRegistry;)Ljava/lang/Object;+9
j  org.gradle.tooling.internal.provider.ContinuousBuildActionExecuter.execute(Lorg/gradle/internal/invocation/BuildAction;Lorg/gradle/initialization/BuildRequestContext;Lorg/gradle/launcher/exec/BuildActionParameters;Lorg/gradle/internal/service/ServiceRegistry;)Ljava/lang/Object;+28
j  org.gradle.tooling.internal.provider.ContinuousBuildActionExecuter.execute(Lorg/gradle/internal/invocation/BuildAction;Lorg/gradle/initialization/BuildRequestContext;Ljava/lang/Object;Lorg/gradle/internal/service/ServiceRegistry;)Ljava/lang/Object;+9
j  org.gradle.tooling.internal.provider.ServicesSetupBuildActionExecuter.execute(Lorg/gradle/internal/invocation/BuildAction;Lorg/gradle/initialization/BuildRequestContext;Lorg/gradle/launcher/exec/BuildActionParameters;Lorg/gradle/internal/service/ServiceRegistry;)Ljava/lang/Object;+85
j  org.gradle.tooling.internal.provider.ServicesSetupBuildActionExecuter.execute(Lorg/gradle/internal/invocation/BuildAction;Lorg/gradle/initialization/BuildRequestContext;Ljava/lang/Object;Lorg/gradle/internal/service/ServiceRegistry;)Ljava/lang/Object;+9
j  org.gradle.tooling.internal.provider.GradleThreadBuildActionExecuter.execute(Lorg/gradle/internal/invocation/BuildAction;Lorg/gradle/initialization/BuildRequestContext;Lorg/gradle/launcher/exec/BuildActionParameters;Lorg/gradle/internal/service/ServiceRegistry;)Ljava/lang/Object;+12
j  org.gradle.tooling.internal.provider.GradleThreadBuildActionExecuter.execute(Lorg/gradle/internal/invocation/BuildAction;Lorg/gradle/initialization/BuildRequestContext;Ljava/lang/Object;Lorg/gradle/internal/service/ServiceRegistry;)Ljava/lang/Object;+9
j  org.gradle.tooling.internal.provider.ParallelismConfigurationBuildActionExecuter.execute(Lorg/gradle/internal/invocation/BuildAction;Lorg/gradle/initialization/BuildRequestContext;Lorg/gradle/launcher/exec/BuildActionParameters;Lorg/gradle/internal/service/ServiceRegistry;)Ljava/lang/Object;+43
j  org.gradle.tooling.internal.provider.ParallelismConfigurationBuildActionExecuter.execute(Lorg/gradle/internal/invocation/BuildAction;Lorg/gradle/initialization/BuildRequestContext;Ljava/lang/Object;Lorg/gradle/internal/service/ServiceRegistry;)Ljava/lang/Object;+9
j  org.gradle.tooling.internal.provider.StartParamsValidatingActionExecuter.execute(Lorg/gradle/internal/invocation/BuildAction;Lorg/gradle/initialization/BuildRequestContext;Lorg/gradle/launcher/exec/BuildActionParameters;Lorg/gradle/internal/service/ServiceRegistry;)Ljava/lang/Object;+257
j  org.gradle.tooling.internal.provider.StartParamsValidatingActionExecuter.execute(Lorg/gradle/internal/invocation/BuildAction;Lorg/gradle/initialization/BuildRequestContext;Ljava/lang/Object;Lorg/gradle/internal/service/ServiceRegistry;)Ljava/lang/Object;+9
j  org.gradle.tooling.internal.provider.SessionFailureReportingActionExecuter.execute(Lorg/gradle/internal/invocation/BuildAction;Lorg/gradle/initialization/BuildRequestContext;Lorg/gradle/launcher/exec/BuildActionParameters;Lorg/gradle/internal/service/ServiceRegistry;)Ljava/lang/Object;+9
j  org.gradle.tooling.internal.provider.SessionFailureReportingActionExecuter.execute(Lorg/gradle/internal/invocation/BuildAction;Lorg/gradle/initialization/BuildRequestContext;Ljava/lang/Object;Lorg/gradle/internal/service/ServiceRegistry;)Ljava/lang/Object;+9
j  org.gradle.tooling.internal.provider.SetupLoggingActionExecuter.execute(Lorg/gradle/internal/invocation/BuildAction;Lorg/gradle/initialization/BuildRequestContext;Lorg/gradle/launcher/exec/BuildActionParameters;Lorg/gradle/internal/service/ServiceRegistry;)Ljava/lang/Object;+69
j  org.gradle.tooling.internal.provider.SetupLoggingActionExecuter.execute(Lorg/gradle/internal/invocation/BuildAction;Lorg/gradle/initialization/BuildRequestContext;Ljava/lang/Object;Lorg/gradle/internal/service/ServiceRegistry;)Ljava/lang/Object;+9
j  org.gradle.launcher.daemon.server.exec.ExecuteBuild.doBuild(Lorg/gradle/launcher/daemon/server/api/DaemonCommandExecution;Lorg/gradle/launcher/daemon/protocol/Build;)V+114
j  org.gradle.launcher.daemon.server.exec.BuildCommandOnly.execute(Lorg/gradle/launcher/daemon/server/api/DaemonCommandExecution;)V+49
j  org.gradle.launcher.daemon.server.api.DaemonCommandExecution.proceed()Z+28
j  org.gradle.launcher.daemon.server.exec.WatchForDisconnection.execute(Lorg/gradle/launcher/daemon/server/api/DaemonCommandExecution;)V+19
j  org.gradle.launcher.daemon.server.api.DaemonCommandExecution.proceed()Z+28
j  org.gradle.launcher.daemon.server.exec.ResetDeprecationLogger.execute(Lorg/gradle/launcher/daemon/server/api/DaemonCommandExecution;)V+4
j  org.gradle.launcher.daemon.server.api.DaemonCommandExecution.proceed()Z+28
j  org.gradle.launcher.daemon.server.exec.RequestStopIfSingleUsedDaemon.execute(Lorg/gradle/launcher/daemon/server/api/DaemonCommandExecution;)V+33
j  org.gradle.launcher.daemon.server.api.DaemonCommandExecution.proceed()Z+28
j  org.gradle.launcher.daemon.server.exec.ForwardClientInput$2.call()Ljava/lang/Void;+4
j  org.gradle.launcher.daemon.server.exec.ForwardClientInput$2.call()Ljava/lang/Object;+1
j  org.gradle.util.Swapper.swap(Ljava/lang/Object;Ljava/util/concurrent/Callable;)Ljava/lang/Object;+21
j  org.gradle.launcher.daemon.server.exec.ForwardClientInput.execute(Lorg/gradle/launcher/daemon/server/api/DaemonCommandExecution;)V+63
j  org.gradle.launcher.daemon.server.api.DaemonCommandExecution.proceed()Z+28
j  org.gradle.launcher.daemon.server.exec.LogAndCheckHealth.execute(Lorg/gradle/launcher/daemon/server/api/DaemonCommandExecution;)V+28
j  org.gradle.launcher.daemon.server.api.DaemonCommandExecution.proceed()Z+28
j  org.gradle.launcher.daemon.server.exec.LogToClient.doBuild(Lorg/gradle/launcher/daemon/server/api/DaemonCommandExecution;Lorg/gradle/launcher/daemon/protocol/Build;)V+87
j  org.gradle.launcher.daemon.server.exec.BuildCommandOnly.execute(Lorg/gradle/launcher/daemon/server/api/DaemonCommandExecution;)V+49
j  org.gradle.launcher.daemon.server.api.DaemonCommandExecution.proceed()Z+28
j  org.gradle.launcher.daemon.server.exec.EstablishBuildEnvironment.doBuild(Lorg/gradle/launcher/daemon/server/api/DaemonCommandExecution;Lorg/gradle/launcher/daemon/protocol/Build;)V+365
j  org.gradle.launcher.daemon.server.exec.BuildCommandOnly.execute(Lorg/gradle/launcher/daemon/server/api/DaemonCommandExecution;)V+49
j  org.gradle.launcher.daemon.server.api.DaemonCommandExecution.proceed()Z+28
j  org.gradle.launcher.daemon.server.exec.StartBuildOrRespondWithBusy$1.run()V+44
j  org.gradle.launcher.daemon.server.DaemonStateCoordinator$1.run()V+4
j  org.gradle.internal.concurrent.ExecutorPolicy$CatchAndRecordFailures.onExecute(Ljava/lang/Runnable;)V+1
j  org.gradle.internal.concurrent.ManagedExecutorImpl$1.run()V+25
j  java.util.concurrent.ThreadPoolExecutor.runWorker(Ljava/util/concurrent/ThreadPoolExecutor$Worker;)V+95
j  java.util.concurrent.ThreadPoolExecutor$Worker.run()V+5
j  org.gradle.internal.concurrent.ThreadFactoryImpl$ManagedThreadRunnable.run()V+7
j  java.lang.Thread.run()V+11
v  ~StubRoutines::call_stub

---------------  P R O C E S S  ---------------

Java Threads: ( => current thread )
  0x45e8ac00 JavaThread "ForkJoinPool.commonPool-worker-1" daemon [_thread_new, id=2980, stack(0x00000000,0x00000000)]
  0x45e8ec00 JavaThread "Java2D Disposer" daemon [_thread_blocked, id=3788, stack(0x4a2c0000,0x4a310000)]
  0x45e8e800 JavaThread "Worker Daemon Execution Thread 7" [_thread_blocked, id=2784, stack(0x4a260000,0x4a2b0000)]
  0x45e8e000 JavaThread "Worker Daemon Execution Thread 6" [_thread_blocked, id=2176, stack(0x4a1d0000,0x4a220000)]
  0x45e8d800 JavaThread "Worker Daemon Execution Thread 5" [_thread_blocked, id=1564, stack(0x4a0c0000,0x4a110000)]
  0x45e8d400 JavaThread "Worker Daemon Execution Thread 4" [_thread_blocked, id=1332, stack(0x49f00000,0x49f50000)]
  0x45e8cc00 JavaThread "Worker Daemon Execution Thread 3" [_thread_blocked, id=3796, stack(0x47530000,0x47580000)]
  0x45e8c800 JavaThread "Worker Daemon Execution Thread 2" [_thread_blocked, id=1480, stack(0x49eb0000,0x49f00000)]
  0x45e8c000 JavaThread "Worker Daemon Execution" [_thread_blocked, id=3720, stack(0x4a110000,0x4a160000)]
  0x45e8bc00 JavaThread "Cache worker for task history cache (C:\Users\PETERR\AndroidStudioProjects\QRGen2\.gradle\4.1-rc-1\taskHistory)" [_thread_blocked, id=1596, stack(0x49f60000,0x49fb0000)]
  0x45e8b400 JavaThread "build operations" [_thread_blocked, id=2280, stack(0x47f90000,0x47fe0000)]
  0x45e8a800 JavaThread "Cache worker for Artifact transforms cache (C:\Users\PETERR\.gradle\caches\transforms-1)" [_thread_blocked, id=2244, stack(0x474a0000,0x474f0000)]
  0x45e8a000 JavaThread "Cache worker for file hash cache (C:\Users\PETERR\AndroidStudioProjects\QRGen2\.gradle\4.1-rc-1\fileHashes)" [_thread_blocked, id=1840, stack(0x459d0000,0x45a20000)]
  0x45e89000 JavaThread "Stdin handler" [_thread_blocked, id=3364, stack(0x46e00000,0x46e50000)]
  0x45e89400 JavaThread "Asynchronous log dispatcher for DefaultDaemonConnection: socket connection from /127.0.0.1:49207 to /127.0.0.1:49215" [_thread_blocked, id=1528, stack(0x45ad0000,0x45b20000)]
  0x45e88800 JavaThread "Cancel handler" [_thread_blocked, id=1696, stack(0x45c90000,0x45ce0000)]
  0x45e88000 JavaThread "Handler for socket connection from /127.0.0.1:49207 to /127.0.0.1:49215" [_thread_in_native, id=3308, stack(0x44720000,0x44770000)]
  0x45e89c00 JavaThread "Memory manager" [_thread_blocked, id=3836, stack(0x48030000,0x48080000)]
  0x45e38400 JavaThread "File lock request listener" [_thread_in_native, id=3056, stack(0x46f20000,0x46f70000)]
  0x45e57000 JavaThread "Cache worker for file hash cache (C:\Users\PETERR\.gradle\caches\4.1-rc-1\fileHashes)" [_thread_blocked, id=260, stack(0x46ea0000,0x46ef0000)]
=>0x453f3c00 JavaThread "Daemon worker" [_thread_in_native, id=1648, stack(0x45a70000,0x45ac0000)]
  0x453dcc00 JavaThread "Daemon" [_thread_blocked, id=2128, stack(0x44500000,0x44550000)]
  0x4535f400 JavaThread "Daemon periodic checks" [_thread_blocked, id=3608, stack(0x45780000,0x457d0000)]
  0x44b8c400 JavaThread "Incoming local TCP Connector on port 49207" [_thread_in_native, id=2476, stack(0x44800000,0x44850000)]
  0x452e3400 JavaThread "Daemon health stats" [_thread_blocked, id=1412, stack(0x44640000,0x44690000)]
  0x442ba000 JavaThread "Service Thread" daemon [_thread_blocked, id=2940, stack(0x44870000,0x448c0000)]
  0x442b2c00 JavaThread "C1 CompilerThread0" daemon [_thread_blocked, id=2700, stack(0x44780000,0x447d0000)]
  0x442b2000 JavaThread "Attach Listener" daemon [_thread_blocked, id=2936, stack(0x44690000,0x446e0000)]
  0x442bf000 JavaThread "Signal Dispatcher" daemon [_thread_blocked, id=2152, stack(0x445c0000,0x44610000)]
  0x44275000 JavaThread "Finalizer" daemon [_thread_blocked, id=3516, stack(0x44490000,0x444e0000)]
  0x44273c00 JavaThread "Reference Handler" daemon [_thread_blocked, id=2648, stack(0x44550000,0x445a0000)]
  0x015b4000 JavaThread "main" [_thread_blocked, id=2692, stack(0x011a0000,0x011f0000)]

Other Threads:
  0x44270c00 VMThread [stack: 0x03bb0000,0x03c00000] [id=1376]
  0x442bb000 WatcherThread [stack: 0x01150000,0x011a0000] [id=2992]

VM state:not at safepoint (normal execution)

VM Mutex/Monitor currently owned by a thread: None

Heap:
 def new generation   total 29120K, used 20228K [0x03c00000, 0x05b90000, 0x19150000)
  eden space 25920K,  66% used [0x03c00000, 0x04cc32a0, 0x05550000)
  from space 3200K,  95% used [0x05870000, 0x05b6dec0, 0x05b90000)
  to   space 3200K,   0% used [0x05550000, 0x05550000, 0x05870000)
 tenured generation   total 64488K, used 52778K [0x19150000, 0x1d04a000, 0x43c00000)
   the space 64488K,  81% used [0x19150000, 0x1c4da970, 0x1c4daa00, 0x1d04a000)
 Metaspace       used 38444K, capacity 39661K, committed 39808K, reserved 40320K

Card table byte_map: [0x43c00000,0x43e10000] byte_map_base: 0x43be2000

Polling page: 0x00190000

CodeCache: size=32768Kb used=6849Kb max_used=6996Kb free=25918Kb
 bounds [0x01a20000, 0x02100000, 0x03a20000]
 total_blobs=4279 nmethods=3781 adapters=427
 compilation: enabled

Compilation events (10 events):
Event: 66.782 Thread 0x442b2c00 4482   !         sun.misc.FloatingDecimal::readJavaFormatString (794 bytes)
Event: 66.787 Thread 0x442b2c00 nmethod 4482 0x01d46808 code [0x01d46b40, 0x01d480e0]
Event: 66.787 Thread 0x442b2c00 4483             com.sun.org.apache.xerces.internal.dom.AttrNSImpl::getNamespaceURI (16 bytes)
Event: 66.788 Thread 0x442b2c00 nmethod 4483 0x01d56888 code [0x01d56980, 0x01d56a20]
Event: 66.807 Thread 0x442b2c00 4484             com.android.ide.common.vectordrawable.PathParser::nextStart (60 bytes)
Event: 66.808 Thread 0x442b2c00 nmethod 4484 0x02047008 code [0x02047110, 0x0204729c]
Event: 66.808 Thread 0x442b2c00 4485             com.android.ide.common.vectordrawable.PathParser::extract (175 bytes)
Event: 66.808 Thread 0x442b2c00 nmethod 4485 0x02046a88 code [0x02046b90, 0x02046dcc]
Event: 66.814 Thread 0x442b2c00 4486             com.esotericsoftware.kryo.io.Output::writeString (125 bytes)
Event: 66.814 Thread 0x442b2c00 nmethod 4486 0x01d70a88 code [0x01d70bd0, 0x01d70dbc]

GC Heap History (10 events):
Event: 54.638 GC heap before
{Heap before GC invocations=107 (full 5):
 def new generation   total 29120K, used 29120K [0x03c00000, 0x05b90000, 0x19150000)
  eden space 25920K, 100% used [0x03c00000, 0x05550000, 0x05550000)
  from space 3200K, 100% used [0x05550000, 0x05870000, 0x05870000)
  to   space 3200K,   0% used [0x05870000, 0x05870000, 0x05b90000)
 tenured generation   total 64488K, used 40963K [0x19150000, 0x1d04a000, 0x43c00000)
   the space 64488K,  63% used [0x19150000, 0x1b950c80, 0x1b950e00, 0x1d04a000)
 Metaspace       used 35934K, capacity 37069K, committed 37120K, reserved 37248K
Event: 54.664 GC heap after
Heap after GC invocations=108 (full 5):
 def new generation   total 29120K, used 1349K [0x03c00000, 0x05b90000, 0x19150000)
  eden space 25920K,   0% used [0x03c00000, 0x03c00000, 0x05550000)
  from space 3200K,  42% used [0x05870000, 0x059c1520, 0x05b90000)
  to   space 3200K,   0% used [0x05550000, 0x05550000, 0x05870000)
 tenured generation   total 64488K, used 44145K [0x19150000, 0x1d04a000, 0x43c00000)
   the space 64488K,  68% used [0x19150000, 0x1bc6c598, 0x1bc6c600, 0x1d04a000)
 Metaspace       used 35934K, capacity 37069K, committed 37120K, reserved 37248K
}
Event: 56.717 GC heap before
{Heap before GC invocations=108 (full 5):
 def new generation   total 29120K, used 27269K [0x03c00000, 0x05b90000, 0x19150000)
  eden space 25920K, 100% used [0x03c00000, 0x05550000, 0x05550000)
  from space 3200K,  42% used [0x05870000, 0x059c1520, 0x05b90000)
  to   space 3200K,   0% used [0x05550000, 0x05550000, 0x05870000)
 tenured generation   total 64488K, used 44145K [0x19150000, 0x1d04a000, 0x43c00000)
   the space 64488K,  68% used [0x19150000, 0x1bc6c598, 0x1bc6c600, 0x1d04a000)
 Metaspace       used 35966K, capacity 37131K, committed 37248K, reserved 37248K
Event: 56.731 GC heap after
Heap after GC invocations=109 (full 5):
 def new generation   total 29120K, used 1818K [0x03c00000, 0x05b90000, 0x19150000)
  eden space 25920K,   0% used [0x03c00000, 0x03c00000, 0x05550000)
  from space 3200K,  56% used [0x05550000, 0x05716940, 0x05870000)
  to   space 3200K,   0% used [0x05870000, 0x05870000, 0x05b90000)
 tenured generation   total 64488K, used 44145K [0x19150000, 0x1d04a000, 0x43c00000)
   the space 64488K,  68% used [0x19150000, 0x1bc6c598, 0x1bc6c600, 0x1d04a000)
 Metaspace       used 35966K, capacity 37131K, committed 37248K, reserved 37248K
}
Event: 62.481 GC heap before
{Heap before GC invocations=109 (full 5):
 def new generation   total 29120K, used 27738K [0x03c00000, 0x05b90000, 0x19150000)
  eden space 25920K, 100% used [0x03c00000, 0x05550000, 0x05550000)
  from space 3200K,  56% used [0x05550000, 0x05716940, 0x05870000)
  to   space 3200K,   0% used [0x05870000, 0x05870000, 0x05b90000)
 tenured generation   total 64488K, used 44145K [0x19150000, 0x1d04a000, 0x43c00000)
   the space 64488K,  68% used [0x19150000, 0x1bc6c598, 0x1bc6c600, 0x1d04a000)
 Metaspace       used 36438K, capacity 37631K, committed 37760K, reserved 38272K
Event: 62.509 GC heap after
Heap after GC invocations=110 (full 5):
 def new generation   total 29120K, used 3200K [0x03c00000, 0x05b90000, 0x19150000)
  eden space 25920K,   0% used [0x03c00000, 0x03c00000, 0x05550000)
  from space 3200K, 100% used [0x05870000, 0x05b90000, 0x05b90000)
  to   space 3200K,   0% used [0x05550000, 0x05550000, 0x05870000)
 tenured generation   total 64488K, used 45258K [0x19150000, 0x1d04a000, 0x43c00000)
   the space 64488K,  70% used [0x19150000, 0x1bd82920, 0x1bd82a00, 0x1d04a000)
 Metaspace       used 36438K, capacity 37631K, committed 37760K, reserved 38272K
}
Event: 63.897 GC heap before
{Heap before GC invocations=110 (full 5):
 def new generation   total 29120K, used 29120K [0x03c00000, 0x05b90000, 0x19150000)
  eden space 25920K, 100% used [0x03c00000, 0x05550000, 0x05550000)
  from space 3200K, 100% used [0x05870000, 0x05b90000, 0x05b90000)
  to   space 3200K,   0% used [0x05550000, 0x05550000, 0x05870000)
 tenured generation   total 64488K, used 45258K [0x19150000, 0x1d04a000, 0x43c00000)
   the space 64488K,  70% used [0x19150000, 0x1bd82920, 0x1bd82a00, 0x1d04a000)
 Metaspace       used 36876K, capacity 38001K, committed 38016K, reserved 38272K
Event: 63.951 GC heap after
Heap after GC invocations=111 (full 5):
 def new generation   total 29120K, used 3200K [0x03c00000, 0x05b90000, 0x19150000)
  eden space 25920K,   0% used [0x03c00000, 0x03c00000, 0x05550000)
  from space 3200K, 100% used [0x05550000, 0x05870000, 0x05870000)
  to   space 3200K,   0% used [0x05870000, 0x05870000, 0x05b90000)
 tenured generation   total 64488K, used 49648K [0x19150000, 0x1d04a000, 0x43c00000)
   the space 64488K,  76% used [0x19150000, 0x1c1cc018, 0x1c1cc200, 0x1d04a000)
 Metaspace       used 36876K, capacity 38001K, committed 38016K, reserved 38272K
}
Event: 65.943 GC heap before
{Heap before GC invocations=111 (full 5):
 def new generation   total 29120K, used 29120K [0x03c00000, 0x05b90000, 0x19150000)
  eden space 25920K, 100% used [0x03c00000, 0x05550000, 0x05550000)
  from space 3200K, 100% used [0x05550000, 0x05870000, 0x05870000)
  to   space 3200K,   0% used [0x05870000, 0x05870000, 0x05b90000)
 tenured generation   total 64488K, used 49648K [0x19150000, 0x1d04a000, 0x43c00000)
   the space 64488K,  76% used [0x19150000, 0x1c1cc018, 0x1c1cc200, 0x1d04a000)
 Metaspace       used 37227K, capacity 38435K, committed 38528K, reserved 39296K
Event: 65.981 GC heap after
Heap after GC invocations=112 (full 5):
 def new generation   total 29120K, used 3063K [0x03c00000, 0x05b90000, 0x19150000)
  eden space 25920K,   0% used [0x03c00000, 0x03c00000, 0x05550000)
  from space 3200K,  95% used [0x05870000, 0x05b6dec0, 0x05b90000)
  to   space 3200K,   0% used [0x05550000, 0x05550000, 0x05870000)
 tenured generation   total 64488K, used 52778K [0x19150000, 0x1d04a000, 0x43c00000)
   the space 64488K,  81% used [0x19150000, 0x1c4da970, 0x1c4daa00, 0x1d04a000)
 Metaspace       used 37227K, capacity 38435K, committed 38528K, reserved 39296K
}

Deoptimization events (0 events):
No events

Internal exceptions (10 events):
Event: 66.741 Thread 0x45e8d800 Exception <a 'java/security/PrivilegedActionException'> (0x04ab5fe0) thrown at [C:\re\workspace\8-2-build-windows-i586-cygwin\jdk8u31\2394\hotspot\src\share\vm\prims\jvm.cpp, line 1312]
Event: 66.742 Thread 0x45e8d800 Exception <a 'java/security/PrivilegedActionException'> (0x04abc7a8) thrown at [C:\re\workspace\8-2-build-windows-i586-cygwin\jdk8u31\2394\hotspot\src\share\vm\prims\jvm.cpp, line 1312]
Event: 66.743 Thread 0x45e8d800 Exception <a 'java/security/PrivilegedActionException'> (0x04ac52a0) thrown at [C:\re\workspace\8-2-build-windows-i586-cygwin\jdk8u31\2394\hotspot\src\share\vm\prims\jvm.cpp, line 1312]
Event: 66.744 Thread 0x45e8d800 Exception <a 'java/security/PrivilegedActionException'> (0x04acd998) thrown at [C:\re\workspace\8-2-build-windows-i586-cygwin\jdk8u31\2394\hotspot\src\share\vm\prims\jvm.cpp, line 1312]
Event: 66.744 Thread 0x45e8d800 Exception <a 'java/security/PrivilegedActionException'> (0x04ad4790) thrown at [C:\re\workspace\8-2-build-windows-i586-cygwin\jdk8u31\2394\hotspot\src\share\vm\prims\jvm.cpp, line 1312]
Event: 67.126 Thread 0x453f3c00 Exception <a 'java/security/PrivilegedActionException'> (0x0492f0c0) thrown at [C:\re\workspace\8-2-build-windows-i586-cygwin\jdk8u31\2394\hotspot\src\share\vm\prims\jvm.cpp, line 1312]
Event: 67.128 Thread 0x453f3c00 Exception <a 'java/security/PrivilegedActionException'> (0x04c555c0) thrown at [C:\re\workspace\8-2-build-windows-i586-cygwin\jdk8u31\2394\hotspot\src\share\vm\prims\jvm.cpp, line 1312]
Event: 67.129 Thread 0x453f3c00 Exception <a 'java/security/PrivilegedActionException'> (0x04c5a050) thrown at [C:\re\workspace\8-2-build-windows-i586-cygwin\jdk8u31\2394\hotspot\src\share\vm\prims\jvm.cpp, line 1312]
Event: 67.130 Thread 0x453f3c00 Exception <a 'java/security/PrivilegedActionException'> (0x04c5f7a0) thrown at [C:\re\workspace\8-2-build-windows-i586-cygwin\jdk8u31\2394\hotspot\src\share\vm\prims\jvm.cpp, line 1312]
Event: 67.131 Thread 0x453f3c00 Exception <a 'java/security/PrivilegedActionException'> (0x04c657c8) thrown at [C:\re\workspace\8-2-build-windows-i586-cygwin\jdk8u31\2394\hotspot\src\share\vm\prims\jvm.cpp, line 1312]

Events (10 events):
Event: 67.126 loading class com/android/builder/internal/aapt/v2/AaptV2CommandBuilder
Event: 67.126 loading class com/android/builder/internal/aapt/v2/AaptV2CommandBuilder done
Event: 67.128 loading class com/android/tools/aapt2/Aapt2Result
Event: 67.128 loading class com/android/tools/aapt2/Aapt2Result done
Event: 67.129 loading class com/android/tools/aapt2/Aapt2Result$Builder
Event: 67.129 loading class com/android/tools/aapt2/Aapt2Result$Builder done
Event: 67.130 loading class com/android/tools/aapt2/AutoValue_Aapt2Result$Builder
Event: 67.130 loading class com/android/tools/aapt2/AutoValue_Aapt2Result$Builder done
Event: 67.131 loading class com/android/tools/aapt2/AutoValue_Aapt2Result
Event: 67.131 loading class com/android/tools/aapt2/AutoValue_Aapt2Result done


Dynamic libraries:
0x01250000 - 0x01280000 	C:\Program Files\Java\jdk1.8.0_31\bin\java.exe
0x77530000 - 0x7766c000 	C:\Windows\SYSTEM32\ntdll.dll
0x765c0000 - 0x76694000 	C:\Windows\system32\kernel32.dll
0x75820000 - 0x7586a000 	C:\Windows\system32\KERNELBASE.dll
0x76450000 - 0x764f0000 	C:\Windows\system32\ADVAPI32.dll
0x776a0000 - 0x7774c000 	C:\Windows\system32\msvcrt.dll
0x77680000 - 0x77699000 	C:\Windows\SYSTEM32\sechost.dll
0x75c20000 - 0x75cc1000 	C:\Windows\system32\RPCRT4.dll
0x764f0000 - 0x765b9000 	C:\Windows\system32\USER32.dll
0x760a0000 - 0x760ee000 	C:\Windows\system32\GDI32.dll
0x77670000 - 0x7767a000 	C:\Windows\system32\LPK.dll
0x76310000 - 0x763ad000 	C:\Windows\system32\USP10.dll
0x74610000 - 0x747ae000 	C:\Windows\WinSxS\x86_microsoft.windows.common-controls_6595b64144ccf1df_6.0.7601.17514_none_41e6975e2bd6f2b2\COMCTL32.dll
0x763c0000 - 0x76417000 	C:\Windows\system32\SHLWAPI.dll
0x75b30000 - 0x75b4f000 	C:\Windows\system32\IMM32.DLL
0x75b50000 - 0x75c1c000 	C:\Windows\system32\MSCTF.dll
0x67ba0000 - 0x67c5f000 	C:\Program Files\Java\jdk1.8.0_31\jre\bin\msvcr100.dll
0x57860000 - 0x57c04000 	C:\Program Files\Java\jdk1.8.0_31\jre\bin\client\jvm.dll
0x74900000 - 0x74907000 	C:\Windows\system32\WSOCK32.dll
0x766a0000 - 0x766d5000 	C:\Windows\system32\WS2_32.dll
0x760f0000 - 0x760f6000 	C:\Windows\system32\NSI.dll
0x73b00000 - 0x73b32000 	C:\Windows\system32\WINMM.dll
0x763b0000 - 0x763b5000 	C:\Windows\system32\PSAPI.DLL
0x67e80000 - 0x67e8c000 	C:\Program Files\Java\jdk1.8.0_31\jre\bin\verify.dll
0x64280000 - 0x642a1000 	C:\Program Files\Java\jdk1.8.0_31\jre\bin\java.dll
0x64260000 - 0x64273000 	C:\Program Files\Java\jdk1.8.0_31\jre\bin\zip.dll
0x766e0000 - 0x7732a000 	C:\Windows\system32\SHELL32.dll
0x759d0000 - 0x75b2c000 	C:\Windows\system32\ole32.dll
0x75680000 - 0x7568b000 	C:\Windows\system32\profapi.dll
0x64240000 - 0x64255000 	C:\Program Files\Java\jdk1.8.0_31\jre\bin\net.dll
0x750c0000 - 0x750fc000 	C:\Windows\system32\mswsock.dll
0x750b0000 - 0x750b6000 	C:\Windows\System32\wship6.dll
0x64230000 - 0x6423f000 	C:\Program Files\Java\jdk1.8.0_31\jre\bin\nio.dll
0x73810000 - 0x73829000 	C:\Users\PETERR\.gradle\native\25\windows-i386\native-platform.dll
0x6a170000 - 0x6a17a000 	C:\Program Files\Java\jdk1.8.0_31\jre\bin\management.dll
0x75100000 - 0x75116000 	C:\Windows\system32\CRYPTSP.dll
0x74ea0000 - 0x74edb000 	C:\Windows\system32\rsaenh.dll
0x74ce0000 - 0x74cf7000 	C:\Windows\system32\USERENV.dll
0x755d0000 - 0x755dc000 	C:\Windows\system32\CRYPTBASE.dll
0x73790000 - 0x737ac000 	C:\Windows\system32\IPHLPAPI.DLL
0x73780000 - 0x73787000 	C:\Windows\system32\WINNSI.DLL
0x735c0000 - 0x735d2000 	C:\Windows\system32\dhcpcsvc.DLL
0x735b0000 - 0x735bd000 	C:\Windows\system32\dhcpcsvc6.DLL
0x64b40000 - 0x64b58000 	C:\Users\PETERR\AppData\Local\Temp\aapt2_4188881879425035778\libwinpthread-1.dll
0x63940000 - 0x63bfb000 	C:\Users\PETERR\AppData\Local\Temp\aapt2_4188881879425035778\libaapt2_jni.dll
0x62be0000 - 0x62d26000 	C:\Program Files\Java\jdk1.8.0_31\jre\bin\awt.dll
0x76200000 - 0x7628f000 	C:\Windows\system32\OLEAUT32.dll
0x74080000 - 0x74093000 	C:\Windows\system32\DWMAPI.DLL
0x6a240000 - 0x6a264000 	C:\Program Files\Java\jdk1.8.0_31\jre\bin\dcpr.dll
0x68090000 - 0x6817b000 	C:\Windows\system32\dbghelp.dll

VM Arguments:
jvm_args: -Xmx1024m -Dfile.encoding=windows-1252 -Duser.country=US -Duser.language=en -Duser.variant 
java_command: org.gradle.launcher.daemon.bootstrap.GradleDaemon 4.1-rc-1
java_class_path (initial): C:\Program Files\Android\android studio preview\gradle\gradle-4.1-rc-1\lib\gradle-launcher-4.1.jar
Launcher Type: SUN_STANDARD

Environment Variables:
JAVA_HOME=C:\Program Files\Java\jdk1.8.0_31
PATH=C:\ProgramData\Oracle\Java\javapath;C:\Windows\system32;C:\Windows;C:\Windows\System32\Wbem;C:\Windows\System32\WindowsPowerShell\v1.0\;C:\Program Files\MATLAB\R2007b\bin;C:\Program Files\MATLAB\R2007b\bin\win32;C:\Program Files\Git\cmd
USERNAME=PETERR
OS=Windows_NT
PROCESSOR_IDENTIFIER=x86 Family 6 Model 22 Stepping 1, GenuineIntel



---------------  S Y S T E M  ---------------

OS: Windows 7 Build 7601 Service Pack 1

CPU:total 1 (1 cores per cpu, 1 threads per core) family 6 model 22 stepping 1, cmov, cx8, fxsr, mmx, sse, sse2, sse3, ssse3, tsc

Memory: 4k page, physical 3136824k(686736k free), swap 6271892k(3634060k free)

vm_info: Java HotSpot(TM) Client VM (25.31-b07) for windows-x86 JRE (1.8.0_31-b13), built on Dec 17 2014 20:46:12 by "java_re" with MS VC++ 10.0 (VS2010)

time: Mon Nov 06 20:46:06 2017
elapsed time: 67 seconds (0d 0h 1m 7s)

