#
# A fatal error has been detected by the Java Runtime Environment:
#
#  EXCEPTION_ARRAY_BOUNDS_EXCEEDED (0xc000008c) at pc=0x4531b000, pid=260, tid=3916
#
# JRE version: Java(TM) SE Runtime Environment (8.0_31-b13) (build 1.8.0_31-b13)
# Java VM: Java HotSpot(TM) Client VM (25.31-b07 mixed mode windows-x86 )
# Problematic frame:
# C  0x4531b000
#
# Failed to write core dump. Minidumps are not enabled by default on client versions of Windows
#
# If you would like to submit a bug report, please visit:
#   http://bugreport.java.com/bugreport/crash.jsp
# The crash happened outside the Java Virtual Machine in native code.
# See problematic frame for where to report the bug.
#

---------------  T H R E A D  ---------------

Current thread (0x44b1c800):  JavaThread "Daemon worker" [_thread_in_native, id=3916, stack(0x45b20000,0x45b70000)]

siginfo: ExceptionCode=0xc000008c

Registers:
EAX=0x00000004, EBX=0x44b1c938, ECX=0x00000000, EDX=0x44b15a8c
ESP=0x45b6d4a8, EBP=0x45b6d4d8, ESI=0x45b6d4f8, EDI=0x48801540
EIP=0x4531b000, EFLAGS=0x00010212

Top of Stack: (sp=0x45b6d4a8)
0x45b6d4a8:   45b6d584 00000000 60b9ca3c 60b9cb1c
0x45b6d4b8:   46739e38 00000000 00000002 44b1529c
0x45b6d4c8:   49ecd140 49ecd140 45b6d504 45b6d510
0x45b6d4d8:   45b6d538 6396779d 4531b0b8 44b14ea8
0x45b6d4e8:   44b14eb0 44b1529c 000003ec 01a0bea9
0x45b6d4f8:   00000000 00000000 00000000 45b6d52c
0x45b6d508:   60955ec0 44b1c800 00000006 00000008
0x45b6d518:   44b1c800 49ecd138 49ecd140 49ecd140 

Instructions: (pc=0x4531b000)
0x4531afe0:   e4 af 31 45 72 69 6e 67 42 75 69 6c 64 65 72 00
0x4531aff0:   fe 7a e2 76 66 5f 00 88 0a 00 01 00 ca 1d 11 7b
0x4531b000:   62 75 69 6c 64 4d 6f 64 65 6c 00 00 00 00 00 00
0x4531b010:   02 79 e2 76 2f 4a 00 88 09 00 01 00 dc 62 d6 62 


Register to memory mapping:

EAX=0x00000004 is an unknown value
EBX=0x44b1c938 is an unknown value
ECX=0x00000000 is an unknown value
EDX=0x44b15a8c is an unknown value
ESP=0x45b6d4a8 is pointing into the stack for thread: 0x44b1c800
EBP=0x45b6d4d8 is pointing into the stack for thread: 0x44b1c800
ESI=0x45b6d4f8 is pointing into the stack for thread: 0x44b1c800
EDI=0x48801540 is an unknown value


Stack: [0x45b20000,0x45b70000],  sp=0x45b6d4a8,  free space=309k
Native frames: (J=compiled Java code, j=interpreted, Vv=VM code, C=native code)
C  0x4531b000
C  [libaapt2_jni.dll+0x2779d]
j  com.android.tools.aapt2.Aapt2Jni.nativeCompile(Ljava/util/List;Lcom/android/tools/aapt2/Aapt2JniLogCallback;)I+0
j  com.android.tools.aapt2.Aapt2Jni.compile(Ljava/util/List;)Lcom/android/tools/aapt2/Aapt2Result;+6
j  com.android.builder.internal.aapt.v2.AaptV2Jni.lambda$compile$0(Lcom/android/ide/common/res2/CompileResourceRequest;)Ljava/io/File;+10
j  com.android.builder.internal.aapt.v2.AaptV2Jni$$Lambda$270.call()Ljava/lang/Object;+8
j  java.util.concurrent.ForkJoinTask$AdaptedCallable.exec()Z+5
j  java.util.concurrent.ForkJoinTask.doExec()I+10
j  java.util.concurrent.ForkJoinTask.externalInterruptibleAwaitDone()I+61
j  java.util.concurrent.ForkJoinTask.get()Ljava/lang/Object;+17
j  com.android.ide.common.res2.MergedResourceWriter.postWriteAction()V+635
j  com.android.ide.common.res2.MergeWriter.end()V+1
j  com.android.ide.common.res2.MergedResourceWriter.end()V+1
J 4379% C1 com.android.ide.common.res2.DataMerger.mergeData(Lcom/android/ide/common/res2/MergeConsumer;Z)V (603 bytes) @ 0x0207fedb [0x0207f640+0x89b]
j  com.android.ide.common.res2.ResourceMerger.mergeData(Lcom/android/ide/common/res2/MergeConsumer;Z)V+7
j  com.android.build.gradle.tasks.MergeResources.doFullTaskAction()V+200
j  com.android.build.gradle.internal.tasks.IncrementalTask.taskAction(Lorg/gradle/api/tasks/incremental/IncrementalTaskInputs;)V+33
v  ~StubRoutines::call_stub
V  [jvm.dll+0x1473e5]
V  [jvm.dll+0x20d57e]
V  [jvm.dll+0x14747e]
V  [jvm.dll+0x153a6a]
V  [jvm.dll+0x153cc3]
V  [jvm.dll+0xf56d3]
C  [java.dll+0x3a75]
J 2715 C1 sun.reflect.NativeMethodAccessorImpl.invoke(Ljava/lang/Object;[Ljava/lang/Object;)Ljava/lang/Object; (104 bytes) @ 0x01f02683 [0x01f02400+0x283]
J 480 C1 sun.reflect.DelegatingMethodAccessorImpl.invoke(Ljava/lang/Object;[Ljava/lang/Object;)Ljava/lang/Object; (10 bytes) @ 0x01af733f [0x01af7310+0x2f]
J 479 C1 java.lang.reflect.Method.invoke(Ljava/lang/Object;[Ljava/lang/Object;)Ljava/lang/Object; (62 bytes) @ 0x01af7071 [0x01af6fc0+0xb1]
j  org.gradle.internal.reflect.JavaMethod.invoke(Ljava/lang/Object;[Ljava/lang/Object;)Ljava/lang/Object;+6
j  org.gradle.api.internal.project.taskfactory.DefaultTaskClassInfoStore$IncrementalTaskAction.doExecute(Lorg/gradle/api/Task;Ljava/lang/String;)V+35
j  org.gradle.api.internal.project.taskfactory.DefaultTaskClassInfoStore$StandardTaskAction.execute(Lorg/gradle/api/Task;)V+32
j  org.gradle.api.internal.project.taskfactory.DefaultTaskClassInfoStore$StandardTaskAction.execute(Ljava/lang/Object;)V+5
j  org.gradle.api.internal.tasks.execution.ExecuteActionsTaskExecuter$1.run(Lorg/gradle/internal/operations/BuildOperationContext;)V+23
J 4070 C1 org.gradle.internal.progress.DefaultBuildOperationExecutor$RunnableBuildOperationWorker.execute(Lorg/gradle/internal/operations/BuildOperation;Lorg/gradle/internal/operations/BuildOperationContext;)V (10 bytes) @ 0x02038a7f [0x02038a10+0x6f]
J 3822 C1 org.gradle.internal.progress.DefaultBuildOperationExecutor.execute(Lorg/gradle/internal/operations/BuildOperation;Lorg/gradle/internal/operations/BuildOperationWorker;Lorg/gradle/internal/progress/DefaultBuildOperationExecutor$DefaultBuildOperationState;)V (430 bytes) @ 0x01ff3bfb [0x01ff3510+0x6eb]
j  org.gradle.internal.progress.DefaultBuildOperationExecutor.run(Lorg/gradle/internal/operations/RunnableBuildOperation;)V+20
j  org.gradle.api.internal.tasks.execution.ExecuteActionsTaskExecuter.executeAction(Ljava/lang/String;Lorg/gradle/api/internal/TaskInternal;Lorg/gradle/api/internal/tasks/ContextAwareTaskAction;Lorg/gradle/api/internal/tasks/TaskExecutionContext;)V+23
j  org.gradle.api.internal.tasks.execution.ExecuteActionsTaskExecuter.executeActions(Lorg/gradle/api/internal/TaskInternal;Lorg/gradle/api/internal/tasks/TaskStateInternal;Lorg/gradle/api/internal/tasks/TaskExecutionContext;)Lorg/gradle/api/GradleException;+131
j  org.gradle.api.internal.tasks.execution.ExecuteActionsTaskExecuter.execute(Lorg/gradle/api/internal/TaskInternal;Lorg/gradle/api/internal/tasks/TaskStateInternal;Lorg/gradle/api/internal/tasks/TaskExecutionContext;)V+42
j  org.gradle.api.internal.tasks.execution.SkipUpToDateTaskExecuter.execute(Lorg/gradle/api/internal/TaskInternal;Lorg/gradle/api/internal/tasks/TaskStateInternal;Lorg/gradle/api/internal/tasks/TaskExecutionContext;)V+124
j  org.gradle.api.internal.tasks.execution.ResolveTaskOutputCachingStateExecuter.execute(Lorg/gradle/api/internal/TaskInternal;Lorg/gradle/api/internal/tasks/TaskStateInternal;Lorg/gradle/api/internal/tasks/TaskExecutionContext;)V+96
j  org.gradle.api.internal.tasks.execution.ValidatingTaskExecuter.execute(Lorg/gradle/api/internal/TaskInternal;Lorg/gradle/api/internal/tasks/TaskStateInternal;Lorg/gradle/api/internal/tasks/TaskExecutionContext;)V+215
j  org.gradle.api.internal.tasks.execution.SkipEmptySourceFilesTaskExecuter.execute(Lorg/gradle/api/internal/TaskInternal;Lorg/gradle/api/internal/tasks/TaskStateInternal;Lorg/gradle/api/internal/tasks/TaskExecutionContext;)V+335
j  org.gradle.api.internal.tasks.execution.ResolveTaskArtifactStateTaskExecuter.execute(Lorg/gradle/api/internal/TaskInternal;Lorg/gradle/api/internal/tasks/TaskStateInternal;Lorg/gradle/api/internal/tasks/TaskExecutionContext;)V+72
j  org.gradle.api.internal.tasks.execution.SkipTaskWithNoActionsExecuter.execute(Lorg/gradle/api/internal/TaskInternal;Lorg/gradle/api/internal/tasks/TaskStateInternal;Lorg/gradle/api/internal/tasks/TaskExecutionContext;)V+124
j  org.gradle.api.internal.tasks.execution.SkipOnlyIfTaskExecuter.execute(Lorg/gradle/api/internal/TaskInternal;Lorg/gradle/api/internal/tasks/TaskStateInternal;Lorg/gradle/api/internal/tasks/TaskExecutionContext;)V+85
j  org.gradle.api.internal.tasks.execution.ExecuteAtMostOnceTaskExecuter.execute(Lorg/gradle/api/internal/TaskInternal;Lorg/gradle/api/internal/tasks/TaskStateInternal;Lorg/gradle/api/internal/tasks/TaskExecutionContext;)V+26
j  org.gradle.api.internal.tasks.execution.CatchExceptionTaskExecuter.execute(Lorg/gradle/api/internal/TaskInternal;Lorg/gradle/api/internal/tasks/TaskStateInternal;Lorg/gradle/api/internal/tasks/TaskExecutionContext;)V+7
j  org.gradle.execution.taskgraph.DefaultTaskGraphExecuter$EventFiringTaskWorker$1.run(Lorg/gradle/internal/operations/BuildOperationContext;)V+56
J 4070 C1 org.gradle.internal.progress.DefaultBuildOperationExecutor$RunnableBuildOperationWorker.execute(Lorg/gradle/internal/operations/BuildOperation;Lorg/gradle/internal/operations/BuildOperationContext;)V (10 bytes) @ 0x02038a7f [0x02038a10+0x6f]
J 3822 C1 org.gradle.internal.progress.DefaultBuildOperationExecutor.execute(Lorg/gradle/internal/operations/BuildOperation;Lorg/gradle/internal/operations/BuildOperationWorker;Lorg/gradle/internal/progress/DefaultBuildOperationExecutor$DefaultBuildOperationState;)V (430 bytes) @ 0x01ff3bfb [0x01ff3510+0x6eb]
j  org.gradle.internal.progress.DefaultBuildOperationExecutor.run(Lorg/gradle/internal/operations/RunnableBuildOperation;)V+20
j  org.gradle.execution.taskgraph.DefaultTaskGraphExecuter$EventFiringTaskWorker.execute(Lorg/gradle/api/internal/TaskInternal;)V+16
j  org.gradle.execution.taskgraph.DefaultTaskGraphExecuter$EventFiringTaskWorker.execute(Ljava/lang/Object;)V+5
j  org.gradle.execution.taskgraph.DefaultTaskPlanExecutor$TaskExecutorWorker.processTask(Lorg/gradle/execution/taskgraph/TaskInfo;)V+8
j  org.gradle.execution.taskgraph.DefaultTaskPlanExecutor$TaskExecutorWorker.access$200(Lorg/gradle/execution/taskgraph/DefaultTaskPlanExecutor$TaskExecutorWorker;Lorg/gradle/execution/taskgraph/TaskInfo;)V+2
j  org.gradle.execution.taskgraph.DefaultTaskPlanExecutor$TaskExecutorWorker$1.execute(Lorg/gradle/execution/taskgraph/TaskInfo;)V+38
j  org.gradle.execution.taskgraph.DefaultTaskPlanExecutor$TaskExecutorWorker$1.execute(Ljava/lang/Object;)V+5
j  org.gradle.execution.taskgraph.DefaultTaskExecutionPlan.execute(Lorg/gradle/execution/taskgraph/TaskInfo;Lorg/gradle/internal/work/WorkerLeaseRegistry$WorkerLease;Lorg/gradle/api/Action;)V+14
j  org.gradle.execution.taskgraph.DefaultTaskExecutionPlan.executeWithTask(Lorg/gradle/internal/work/WorkerLeaseRegistry$WorkerLease;Lorg/gradle/api/Action;)Z+53
j  org.gradle.execution.taskgraph.DefaultTaskPlanExecutor$TaskExecutorWorker.run()V+52
j  org.gradle.execution.taskgraph.DefaultTaskPlanExecutor.process(Lorg/gradle/execution/taskgraph/TaskExecutionPlan;Lorg/gradle/api/Action;)V+67
j  org.gradle.execution.taskgraph.DefaultTaskGraphExecuter.execute()V+61
j  org.gradle.execution.SelectedTaskExecutionAction.execute(Lorg/gradle/execution/BuildExecutionContext;)V+55
j  org.gradle.execution.DefaultBuildExecuter.execute(Lorg/gradle/api/internal/GradleInternal;I)V+37
j  org.gradle.execution.DefaultBuildExecuter.access$000(Lorg/gradle/execution/DefaultBuildExecuter;Lorg/gradle/api/internal/GradleInternal;I)V+3
j  org.gradle.execution.DefaultBuildExecuter$1.proceed()V+14
j  org.gradle.execution.DryRunBuildExecutionAction.execute(Lorg/gradle/execution/BuildExecutionContext;)V+121
j  org.gradle.execution.DefaultBuildExecuter.execute(Lorg/gradle/api/internal/GradleInternal;I)V+37
j  org.gradle.execution.DefaultBuildExecuter.execute(Lorg/gradle/api/internal/GradleInternal;)V+3
j  org.gradle.initialization.DefaultGradleLauncher$ExecuteTasks.run(Lorg/gradle/internal/operations/BuildOperationContext;)V+55
j  org.gradle.internal.progress.DefaultBuildOperationExecutor$RunnableBuildOperationWorker.execute(Lorg/gradle/internal/operations/RunnableBuildOperation;Lorg/gradle/internal/operations/BuildOperationContext;)V+2
j  org.gradle.internal.progress.DefaultBuildOperationExecutor$RunnableBuildOperationWorker.execute(Lorg/gradle/internal/operations/BuildOperation;Lorg/gradle/internal/operations/BuildOperationContext;)V+6
J 3822 C1 org.gradle.internal.progress.DefaultBuildOperationExecutor.execute(Lorg/gradle/internal/operations/BuildOperation;Lorg/gradle/internal/operations/BuildOperationWorker;Lorg/gradle/internal/progress/DefaultBuildOperationExecutor$DefaultBuildOperationState;)V (430 bytes) @ 0x01ff3bfb [0x01ff3510+0x6eb]
j  org.gradle.internal.progress.DefaultBuildOperationExecutor.run(Lorg/gradle/internal/operations/RunnableBuildOperation;)V+20
j  org.gradle.initialization.DefaultGradleLauncher.runTasks()V+53
j  org.gradle.initialization.DefaultGradleLauncher.doBuildStages(Lorg/gradle/initialization/DefaultGradleLauncher$Stage;)V+37
j  org.gradle.initialization.DefaultGradleLauncher.executeTasks()Lorg/gradle/api/internal/GradleInternal;+4
j  org.gradle.internal.invocation.GradleBuildController$1.call()Lorg/gradle/api/internal/GradleInternal;+7
j  org.gradle.internal.invocation.GradleBuildController$1.call()Ljava/lang/Object;+1
j  org.gradle.internal.work.DefaultWorkerLeaseService.withLocks(Ljava/lang/Iterable;Ljava/util/concurrent/Callable;)Ljava/lang/Object;+15
j  org.gradle.internal.invocation.GradleBuildController.doBuild(Ljava/util/concurrent/Callable;)Lorg/gradle/api/internal/GradleInternal;+52
j  org.gradle.internal.invocation.GradleBuildController.run()Lorg/gradle/api/internal/GradleInternal;+9
j  org.gradle.tooling.internal.provider.runner.BuildModelActionRunner.run(Lorg/gradle/internal/invocation/BuildAction;Lorg/gradle/internal/invocation/BuildController;)V+66
j  org.gradle.launcher.exec.ChainingBuildActionRunner.run(Lorg/gradle/internal/invocation/BuildAction;Lorg/gradle/internal/invocation/BuildController;)V+34
j  org.gradle.launcher.exec.ChainingBuildActionRunner.run(Lorg/gradle/internal/invocation/BuildAction;Lorg/gradle/internal/invocation/BuildController;)V+34
j  org.gradle.tooling.internal.provider.ValidatingBuildActionRunner.run(Lorg/gradle/internal/invocation/BuildAction;Lorg/gradle/internal/invocation/BuildController;)V+6
j  org.gradle.launcher.exec.RunAsBuildOperationBuildActionRunner$1.run(Lorg/gradle/internal/operations/BuildOperationContext;)V+15
j  org.gradle.internal.progress.DefaultBuildOperationExecutor$RunnableBuildOperationWorker.execute(Lorg/gradle/internal/operations/RunnableBuildOperation;Lorg/gradle/internal/operations/BuildOperationContext;)V+2
j  org.gradle.internal.progress.DefaultBuildOperationExecutor$RunnableBuildOperationWorker.execute(Lorg/gradle/internal/operations/BuildOperation;Lorg/gradle/internal/operations/BuildOperationContext;)V+6
j  org.gradle.internal.progress.DefaultBuildOperationExecutor.execute(Lorg/gradle/internal/operations/BuildOperation;Lorg/gradle/internal/operations/BuildOperationWorker;Lorg/gradle/internal/progress/DefaultBuildOperationExecutor$DefaultBuildOperationState;)V+177
j  org.gradle.internal.progress.DefaultBuildOperationExecutor.run(Lorg/gradle/internal/operations/RunnableBuildOperation;)V+20
j  org.gradle.launcher.exec.RunAsBuildOperationBuildActionRunner.run(Lorg/gradle/internal/invocation/BuildAction;Lorg/gradle/internal/invocation/BuildController;)V+34
j  org.gradle.tooling.internal.provider.SubscribableBuildActionRunner.run(Lorg/gradle/internal/invocation/BuildAction;Lorg/gradle/internal/invocation/BuildController;)V+40
j  org.gradle.launcher.exec.InProcessBuildActionExecuter.execute(Lorg/gradle/internal/invocation/BuildAction;Lorg/gradle/initialization/BuildRequestContext;Lorg/gradle/launcher/exec/BuildActionParameters;Lorg/gradle/internal/service/ServiceRegistry;)Ljava/lang/Object;+71
j  org.gradle.launcher.exec.InProcessBuildActionExecuter.execute(Lorg/gradle/internal/invocation/BuildAction;Lorg/gradle/initialization/BuildRequestContext;Ljava/lang/Object;Lorg/gradle/internal/service/ServiceRegistry;)Ljava/lang/Object;+9
j  org.gradle.launcher.exec.BuildTreeScopeBuildActionExecuter.execute(Lorg/gradle/internal/invocation/BuildAction;Lorg/gradle/initialization/BuildRequestContext;Lorg/gradle/launcher/exec/BuildActionParameters;Lorg/gradle/internal/service/ServiceRegistry;)Ljava/lang/Object;+41
j  org.gradle.launcher.exec.BuildTreeScopeBuildActionExecuter.execute(Lorg/gradle/internal/invocation/BuildAction;Lorg/gradle/initialization/BuildRequestContext;Ljava/lang/Object;Lorg/gradle/internal/service/ServiceRegistry;)Ljava/lang/Object;+9
j  org.gradle.tooling.internal.provider.ContinuousBuildActionExecuter.execute(Lorg/gradle/internal/invocation/BuildAction;Lorg/gradle/initialization/BuildRequestContext;Lorg/gradle/launcher/exec/BuildActionParameters;Lorg/gradle/internal/service/ServiceRegistry;)Ljava/lang/Object;+28
j  org.gradle.tooling.internal.provider.ContinuousBuildActionExecuter.execute(Lorg/gradle/internal/invocation/BuildAction;Lorg/gradle/initialization/BuildRequestContext;Ljava/lang/Object;Lorg/gradle/internal/service/ServiceRegistry;)Ljava/lang/Object;+9
...<more frames>...

Java frames: (J=compiled Java code, j=interpreted, Vv=VM code)
j  com.android.tools.aapt2.Aapt2Jni.nativeCompile(Ljava/util/List;Lcom/android/tools/aapt2/Aapt2JniLogCallback;)I+0
j  com.android.tools.aapt2.Aapt2Jni.compile(Ljava/util/List;)Lcom/android/tools/aapt2/Aapt2Result;+6
j  com.android.builder.internal.aapt.v2.AaptV2Jni.lambda$compile$0(Lcom/android/ide/common/res2/CompileResourceRequest;)Ljava/io/File;+10
j  com.android.builder.internal.aapt.v2.AaptV2Jni$$Lambda$270.call()Ljava/lang/Object;+8
j  java.util.concurrent.ForkJoinTask$AdaptedCallable.exec()Z+5
j  java.util.concurrent.ForkJoinTask.doExec()I+10
j  java.util.concurrent.ForkJoinTask.externalInterruptibleAwaitDone()I+61
j  java.util.concurrent.ForkJoinTask.get()Ljava/lang/Object;+17
j  com.android.ide.common.res2.MergedResourceWriter.postWriteAction()V+635
j  com.android.ide.common.res2.MergeWriter.end()V+1
j  com.android.ide.common.res2.MergedResourceWriter.end()V+1
J 4379% C1 com.android.ide.common.res2.DataMerger.mergeData(Lcom/android/ide/common/res2/MergeConsumer;Z)V (603 bytes) @ 0x0207fedb [0x0207f640+0x89b]
j  com.android.ide.common.res2.ResourceMerger.mergeData(Lcom/android/ide/common/res2/MergeConsumer;Z)V+7
j  com.android.build.gradle.tasks.MergeResources.doFullTaskAction()V+200
j  com.android.build.gradle.internal.tasks.IncrementalTask.taskAction(Lorg/gradle/api/tasks/incremental/IncrementalTaskInputs;)V+33
v  ~StubRoutines::call_stub
J 2716  sun.reflect.NativeMethodAccessorImpl.invoke0(Ljava/lang/reflect/Method;Ljava/lang/Object;[Ljava/lang/Object;)Ljava/lang/Object; (0 bytes) @ 0x01f02dcd [0x01f02d50+0x7d]
J 2715 C1 sun.reflect.NativeMethodAccessorImpl.invoke(Ljava/lang/Object;[Ljava/lang/Object;)Ljava/lang/Object; (104 bytes) @ 0x01f02683 [0x01f02400+0x283]
J 480 C1 sun.reflect.DelegatingMethodAccessorImpl.invoke(Ljava/lang/Object;[Ljava/lang/Object;)Ljava/lang/Object; (10 bytes) @ 0x01af733f [0x01af7310+0x2f]
J 479 C1 java.lang.reflect.Method.invoke(Ljava/lang/Object;[Ljava/lang/Object;)Ljava/lang/Object; (62 bytes) @ 0x01af7071 [0x01af6fc0+0xb1]
j  org.gradle.internal.reflect.JavaMethod.invoke(Ljava/lang/Object;[Ljava/lang/Object;)Ljava/lang/Object;+6
j  org.gradle.api.internal.project.taskfactory.DefaultTaskClassInfoStore$IncrementalTaskAction.doExecute(Lorg/gradle/api/Task;Ljava/lang/String;)V+35
j  org.gradle.api.internal.project.taskfactory.DefaultTaskClassInfoStore$StandardTaskAction.execute(Lorg/gradle/api/Task;)V+32
j  org.gradle.api.internal.project.taskfactory.DefaultTaskClassInfoStore$StandardTaskAction.execute(Ljava/lang/Object;)V+5
j  org.gradle.api.internal.tasks.execution.ExecuteActionsTaskExecuter$1.run(Lorg/gradle/internal/operations/BuildOperationContext;)V+23
J 4070 C1 org.gradle.internal.progress.DefaultBuildOperationExecutor$RunnableBuildOperationWorker.execute(Lorg/gradle/internal/operations/BuildOperation;Lorg/gradle/internal/operations/BuildOperationContext;)V (10 bytes) @ 0x02038a7f [0x02038a10+0x6f]
J 3822 C1 org.gradle.internal.progress.DefaultBuildOperationExecutor.execute(Lorg/gradle/internal/operations/BuildOperation;Lorg/gradle/internal/operations/BuildOperationWorker;Lorg/gradle/internal/progress/DefaultBuildOperationExecutor$DefaultBuildOperationState;)V (430 bytes) @ 0x01ff3bfb [0x01ff3510+0x6eb]
j  org.gradle.internal.progress.DefaultBuildOperationExecutor.run(Lorg/gradle/internal/operations/RunnableBuildOperation;)V+20
j  org.gradle.api.internal.tasks.execution.ExecuteActionsTaskExecuter.executeAction(Ljava/lang/String;Lorg/gradle/api/internal/TaskInternal;Lorg/gradle/api/internal/tasks/ContextAwareTaskAction;Lorg/gradle/api/internal/tasks/TaskExecutionContext;)V+23
j  org.gradle.api.internal.tasks.execution.ExecuteActionsTaskExecuter.executeActions(Lorg/gradle/api/internal/TaskInternal;Lorg/gradle/api/internal/tasks/TaskStateInternal;Lorg/gradle/api/internal/tasks/TaskExecutionContext;)Lorg/gradle/api/GradleException;+131
j  org.gradle.api.internal.tasks.execution.ExecuteActionsTaskExecuter.execute(Lorg/gradle/api/internal/TaskInternal;Lorg/gradle/api/internal/tasks/TaskStateInternal;Lorg/gradle/api/internal/tasks/TaskExecutionContext;)V+42
j  org.gradle.api.internal.tasks.execution.SkipUpToDateTaskExecuter.execute(Lorg/gradle/api/internal/TaskInternal;Lorg/gradle/api/internal/tasks/TaskStateInternal;Lorg/gradle/api/internal/tasks/TaskExecutionContext;)V+124
j  org.gradle.api.internal.tasks.execution.ResolveTaskOutputCachingStateExecuter.execute(Lorg/gradle/api/internal/TaskInternal;Lorg/gradle/api/internal/tasks/TaskStateInternal;Lorg/gradle/api/internal/tasks/TaskExecutionContext;)V+96
j  org.gradle.api.internal.tasks.execution.ValidatingTaskExecuter.execute(Lorg/gradle/api/internal/TaskInternal;Lorg/gradle/api/internal/tasks/TaskStateInternal;Lorg/gradle/api/internal/tasks/TaskExecutionContext;)V+215
j  org.gradle.api.internal.tasks.execution.SkipEmptySourceFilesTaskExecuter.execute(Lorg/gradle/api/internal/TaskInternal;Lorg/gradle/api/internal/tasks/TaskStateInternal;Lorg/gradle/api/internal/tasks/TaskExecutionContext;)V+335
j  org.gradle.api.internal.tasks.execution.ResolveTaskArtifactStateTaskExecuter.execute(Lorg/gradle/api/internal/TaskInternal;Lorg/gradle/api/internal/tasks/TaskStateInternal;Lorg/gradle/api/internal/tasks/TaskExecutionContext;)V+72
j  org.gradle.api.internal.tasks.execution.SkipTaskWithNoActionsExecuter.execute(Lorg/gradle/api/internal/TaskInternal;Lorg/gradle/api/internal/tasks/TaskStateInternal;Lorg/gradle/api/internal/tasks/TaskExecutionContext;)V+124
j  org.gradle.api.internal.tasks.execution.SkipOnlyIfTaskExecuter.execute(Lorg/gradle/api/internal/TaskInternal;Lorg/gradle/api/internal/tasks/TaskStateInternal;Lorg/gradle/api/internal/tasks/TaskExecutionContext;)V+85
j  org.gradle.api.internal.tasks.execution.ExecuteAtMostOnceTaskExecuter.execute(Lorg/gradle/api/internal/TaskInternal;Lorg/gradle/api/internal/tasks/TaskStateInternal;Lorg/gradle/api/internal/tasks/TaskExecutionContext;)V+26
j  org.gradle.api.internal.tasks.execution.CatchExceptionTaskExecuter.execute(Lorg/gradle/api/internal/TaskInternal;Lorg/gradle/api/internal/tasks/TaskStateInternal;Lorg/gradle/api/internal/tasks/TaskExecutionContext;)V+7
j  org.gradle.execution.taskgraph.DefaultTaskGraphExecuter$EventFiringTaskWorker$1.run(Lorg/gradle/internal/operations/BuildOperationContext;)V+56
J 4070 C1 org.gradle.internal.progress.DefaultBuildOperationExecutor$RunnableBuildOperationWorker.execute(Lorg/gradle/internal/operations/BuildOperation;Lorg/gradle/internal/operations/BuildOperationContext;)V (10 bytes) @ 0x02038a7f [0x02038a10+0x6f]
J 3822 C1 org.gradle.internal.progress.DefaultBuildOperationExecutor.execute(Lorg/gradle/internal/operations/BuildOperation;Lorg/gradle/internal/operations/BuildOperationWorker;Lorg/gradle/internal/progress/DefaultBuildOperationExecutor$DefaultBuildOperationState;)V (430 bytes) @ 0x01ff3bfb [0x01ff3510+0x6eb]
j  org.gradle.internal.progress.DefaultBuildOperationExecutor.run(Lorg/gradle/internal/operations/RunnableBuildOperation;)V+20
j  org.gradle.execution.taskgraph.DefaultTaskGraphExecuter$EventFiringTaskWorker.execute(Lorg/gradle/api/internal/TaskInternal;)V+16
j  org.gradle.execution.taskgraph.DefaultTaskGraphExecuter$EventFiringTaskWorker.execute(Ljava/lang/Object;)V+5
j  org.gradle.execution.taskgraph.DefaultTaskPlanExecutor$TaskExecutorWorker.processTask(Lorg/gradle/execution/taskgraph/TaskInfo;)V+8
j  org.gradle.execution.taskgraph.DefaultTaskPlanExecutor$TaskExecutorWorker.access$200(Lorg/gradle/execution/taskgraph/DefaultTaskPlanExecutor$TaskExecutorWorker;Lorg/gradle/execution/taskgraph/TaskInfo;)V+2
j  org.gradle.execution.taskgraph.DefaultTaskPlanExecutor$TaskExecutorWorker$1.execute(Lorg/gradle/execution/taskgraph/TaskInfo;)V+38
j  org.gradle.execution.taskgraph.DefaultTaskPlanExecutor$TaskExecutorWorker$1.execute(Ljava/lang/Object;)V+5
j  org.gradle.execution.taskgraph.DefaultTaskExecutionPlan.execute(Lorg/gradle/execution/taskgraph/TaskInfo;Lorg/gradle/internal/work/WorkerLeaseRegistry$WorkerLease;Lorg/gradle/api/Action;)V+14
j  org.gradle.execution.taskgraph.DefaultTaskExecutionPlan.executeWithTask(Lorg/gradle/internal/work/WorkerLeaseRegistry$WorkerLease;Lorg/gradle/api/Action;)Z+53
j  org.gradle.execution.taskgraph.DefaultTaskPlanExecutor$TaskExecutorWorker.run()V+52
j  org.gradle.execution.taskgraph.DefaultTaskPlanExecutor.process(Lorg/gradle/execution/taskgraph/TaskExecutionPlan;Lorg/gradle/api/Action;)V+67
j  org.gradle.execution.taskgraph.DefaultTaskGraphExecuter.execute()V+61
j  org.gradle.execution.SelectedTaskExecutionAction.execute(Lorg/gradle/execution/BuildExecutionContext;)V+55
j  org.gradle.execution.DefaultBuildExecuter.execute(Lorg/gradle/api/internal/GradleInternal;I)V+37
j  org.gradle.execution.DefaultBuildExecuter.access$000(Lorg/gradle/execution/DefaultBuildExecuter;Lorg/gradle/api/internal/GradleInternal;I)V+3
j  org.gradle.execution.DefaultBuildExecuter$1.proceed()V+14
j  org.gradle.execution.DryRunBuildExecutionAction.execute(Lorg/gradle/execution/BuildExecutionContext;)V+121
j  org.gradle.execution.DefaultBuildExecuter.execute(Lorg/gradle/api/internal/GradleInternal;I)V+37
j  org.gradle.execution.DefaultBuildExecuter.execute(Lorg/gradle/api/internal/GradleInternal;)V+3
j  org.gradle.initialization.DefaultGradleLauncher$ExecuteTasks.run(Lorg/gradle/internal/operations/BuildOperationContext;)V+55
j  org.gradle.internal.progress.DefaultBuildOperationExecutor$RunnableBuildOperationWorker.execute(Lorg/gradle/internal/operations/RunnableBuildOperation;Lorg/gradle/internal/operations/BuildOperationContext;)V+2
j  org.gradle.internal.progress.DefaultBuildOperationExecutor$RunnableBuildOperationWorker.execute(Lorg/gradle/internal/operations/BuildOperation;Lorg/gradle/internal/operations/BuildOperationContext;)V+6
J 3822 C1 org.gradle.internal.progress.DefaultBuildOperationExecutor.execute(Lorg/gradle/internal/operations/BuildOperation;Lorg/gradle/internal/operations/BuildOperationWorker;Lorg/gradle/internal/progress/DefaultBuildOperationExecutor$DefaultBuildOperationState;)V (430 bytes) @ 0x01ff3bfb [0x01ff3510+0x6eb]
j  org.gradle.internal.progress.DefaultBuildOperationExecutor.run(Lorg/gradle/internal/operations/RunnableBuildOperation;)V+20
j  org.gradle.initialization.DefaultGradleLauncher.runTasks()V+53
j  org.gradle.initialization.DefaultGradleLauncher.doBuildStages(Lorg/gradle/initialization/DefaultGradleLauncher$Stage;)V+37
j  org.gradle.initialization.DefaultGradleLauncher.executeTasks()Lorg/gradle/api/internal/GradleInternal;+4
j  org.gradle.internal.invocation.GradleBuildController$1.call()Lorg/gradle/api/internal/GradleInternal;+7
j  org.gradle.internal.invocation.GradleBuildController$1.call()Ljava/lang/Object;+1
j  org.gradle.internal.work.DefaultWorkerLeaseService.withLocks(Ljava/lang/Iterable;Ljava/util/concurrent/Callable;)Ljava/lang/Object;+15
j  org.gradle.internal.invocation.GradleBuildController.doBuild(Ljava/util/concurrent/Callable;)Lorg/gradle/api/internal/GradleInternal;+52
j  org.gradle.internal.invocation.GradleBuildController.run()Lorg/gradle/api/internal/GradleInternal;+9
j  org.gradle.tooling.internal.provider.runner.BuildModelActionRunner.run(Lorg/gradle/internal/invocation/BuildAction;Lorg/gradle/internal/invocation/BuildController;)V+66
j  org.gradle.launcher.exec.ChainingBuildActionRunner.run(Lorg/gradle/internal/invocation/BuildAction;Lorg/gradle/internal/invocation/BuildController;)V+34
j  org.gradle.launcher.exec.ChainingBuildActionRunner.run(Lorg/gradle/internal/invocation/BuildAction;Lorg/gradle/internal/invocation/BuildController;)V+34
j  org.gradle.tooling.internal.provider.ValidatingBuildActionRunner.run(Lorg/gradle/internal/invocation/BuildAction;Lorg/gradle/internal/invocation/BuildController;)V+6
j  org.gradle.launcher.exec.RunAsBuildOperationBuildActionRunner$1.run(Lorg/gradle/internal/operations/BuildOperationContext;)V+15
j  org.gradle.internal.progress.DefaultBuildOperationExecutor$RunnableBuildOperationWorker.execute(Lorg/gradle/internal/operations/RunnableBuildOperation;Lorg/gradle/internal/operations/BuildOperationContext;)V+2
j  org.gradle.internal.progress.DefaultBuildOperationExecutor$RunnableBuildOperationWorker.execute(Lorg/gradle/internal/operations/BuildOperation;Lorg/gradle/internal/operations/BuildOperationContext;)V+6
j  org.gradle.internal.progress.DefaultBuildOperationExecutor.execute(Lorg/gradle/internal/operations/BuildOperation;Lorg/gradle/internal/operations/BuildOperationWorker;Lorg/gradle/internal/progress/DefaultBuildOperationExecutor$DefaultBuildOperationState;)V+177
j  org.gradle.internal.progress.DefaultBuildOperationExecutor.run(Lorg/gradle/internal/operations/RunnableBuildOperation;)V+20
j  org.gradle.launcher.exec.RunAsBuildOperationBuildActionRunner.run(Lorg/gradle/internal/invocation/BuildAction;Lorg/gradle/internal/invocation/BuildController;)V+34
j  org.gradle.tooling.internal.provider.SubscribableBuildActionRunner.run(Lorg/gradle/internal/invocation/BuildAction;Lorg/gradle/internal/invocation/BuildController;)V+40
j  org.gradle.launcher.exec.InProcessBuildActionExecuter.execute(Lorg/gradle/internal/invocation/BuildAction;Lorg/gradle/initialization/BuildRequestContext;Lorg/gradle/launcher/exec/BuildActionParameters;Lorg/gradle/internal/service/ServiceRegistry;)Ljava/lang/Object;+71
j  org.gradle.launcher.exec.InProcessBuildActionExecuter.execute(Lorg/gradle/internal/invocation/BuildAction;Lorg/gradle/initialization/BuildRequestContext;Ljava/lang/Object;Lorg/gradle/internal/service/ServiceRegistry;)Ljava/lang/Object;+9
j  org.gradle.launcher.exec.BuildTreeScopeBuildActionExecuter.execute(Lorg/gradle/internal/invocation/BuildAction;Lorg/gradle/initialization/BuildRequestContext;Lorg/gradle/launcher/exec/BuildActionParameters;Lorg/gradle/internal/service/ServiceRegistry;)Ljava/lang/Object;+41
j  org.gradle.launcher.exec.BuildTreeScopeBuildActionExecuter.execute(Lorg/gradle/internal/invocation/BuildAction;Lorg/gradle/initialization/BuildRequestContext;Ljava/lang/Object;Lorg/gradle/internal/service/ServiceRegistry;)Ljava/lang/Object;+9
j  org.gradle.tooling.internal.provider.ContinuousBuildActionExecuter.execute(Lorg/gradle/internal/invocation/BuildAction;Lorg/gradle/initialization/BuildRequestContext;Lorg/gradle/launcher/exec/BuildActionParameters;Lorg/gradle/internal/service/ServiceRegistry;)Ljava/lang/Object;+28
j  org.gradle.tooling.internal.provider.ContinuousBuildActionExecuter.execute(Lorg/gradle/internal/invocation/BuildAction;Lorg/gradle/initialization/BuildRequestContext;Ljava/lang/Object;Lorg/gradle/internal/service/ServiceRegistry;)Ljava/lang/Object;+9
j  org.gradle.tooling.internal.provider.ServicesSetupBuildActionExecuter.execute(Lorg/gradle/internal/invocation/BuildAction;Lorg/gradle/initialization/BuildRequestContext;Lorg/gradle/launcher/exec/BuildActionParameters;Lorg/gradle/internal/service/ServiceRegistry;)Ljava/lang/Object;+85
j  org.gradle.tooling.internal.provider.ServicesSetupBuildActionExecuter.execute(Lorg/gradle/internal/invocation/BuildAction;Lorg/gradle/initialization/BuildRequestContext;Ljava/lang/Object;Lorg/gradle/internal/service/ServiceRegistry;)Ljava/lang/Object;+9
j  org.gradle.tooling.internal.provider.GradleThreadBuildActionExecuter.execute(Lorg/gradle/internal/invocation/BuildAction;Lorg/gradle/initialization/BuildRequestContext;Lorg/gradle/launcher/exec/BuildActionParameters;Lorg/gradle/internal/service/ServiceRegistry;)Ljava/lang/Object;+12
j  org.gradle.tooling.internal.provider.GradleThreadBuildActionExecuter.execute(Lorg/gradle/internal/invocation/BuildAction;Lorg/gradle/initialization/BuildRequestContext;Ljava/lang/Object;Lorg/gradle/internal/service/ServiceRegistry;)Ljava/lang/Object;+9
j  org.gradle.tooling.internal.provider.ParallelismConfigurationBuildActionExecuter.execute(Lorg/gradle/internal/invocation/BuildAction;Lorg/gradle/initialization/BuildRequestContext;Lorg/gradle/launcher/exec/BuildActionParameters;Lorg/gradle/internal/service/ServiceRegistry;)Ljava/lang/Object;+43
j  org.gradle.tooling.internal.provider.ParallelismConfigurationBuildActionExecuter.execute(Lorg/gradle/internal/invocation/BuildAction;Lorg/gradle/initialization/BuildRequestContext;Ljava/lang/Object;Lorg/gradle/internal/service/ServiceRegistry;)Ljava/lang/Object;+9
j  org.gradle.tooling.internal.provider.StartParamsValidatingActionExecuter.execute(Lorg/gradle/internal/invocation/BuildAction;Lorg/gradle/initialization/BuildRequestContext;Lorg/gradle/launcher/exec/BuildActionParameters;Lorg/gradle/internal/service/ServiceRegistry;)Ljava/lang/Object;+257
j  org.gradle.tooling.internal.provider.StartParamsValidatingActionExecuter.execute(Lorg/gradle/internal/invocation/BuildAction;Lorg/gradle/initialization/BuildRequestContext;Ljava/lang/Object;Lorg/gradle/internal/service/ServiceRegistry;)Ljava/lang/Object;+9
j  org.gradle.tooling.internal.provider.SessionFailureReportingActionExecuter.execute(Lorg/gradle/internal/invocation/BuildAction;Lorg/gradle/initialization/BuildRequestContext;Lorg/gradle/launcher/exec/BuildActionParameters;Lorg/gradle/internal/service/ServiceRegistry;)Ljava/lang/Object;+9
j  org.gradle.tooling.internal.provider.SessionFailureReportingActionExecuter.execute(Lorg/gradle/internal/invocation/BuildAction;Lorg/gradle/initialization/BuildRequestContext;Ljava/lang/Object;Lorg/gradle/internal/service/ServiceRegistry;)Ljava/lang/Object;+9
j  org.gradle.tooling.internal.provider.SetupLoggingActionExecuter.execute(Lorg/gradle/internal/invocation/BuildAction;Lorg/gradle/initialization/BuildRequestContext;Lorg/gradle/launcher/exec/BuildActionParameters;Lorg/gradle/internal/service/ServiceRegistry;)Ljava/lang/Object;+69
j  org.gradle.tooling.internal.provider.SetupLoggingActionExecuter.execute(Lorg/gradle/internal/invocation/BuildAction;Lorg/gradle/initialization/BuildRequestContext;Ljava/lang/Object;Lorg/gradle/internal/service/ServiceRegistry;)Ljava/lang/Object;+9
j  org.gradle.launcher.daemon.server.exec.ExecuteBuild.doBuild(Lorg/gradle/launcher/daemon/server/api/DaemonCommandExecution;Lorg/gradle/launcher/daemon/protocol/Build;)V+114
j  org.gradle.launcher.daemon.server.exec.BuildCommandOnly.execute(Lorg/gradle/launcher/daemon/server/api/DaemonCommandExecution;)V+49
j  org.gradle.launcher.daemon.server.api.DaemonCommandExecution.proceed()Z+28
j  org.gradle.launcher.daemon.server.exec.WatchForDisconnection.execute(Lorg/gradle/launcher/daemon/server/api/DaemonCommandExecution;)V+19
j  org.gradle.launcher.daemon.server.api.DaemonCommandExecution.proceed()Z+28
j  org.gradle.launcher.daemon.server.exec.ResetDeprecationLogger.execute(Lorg/gradle/launcher/daemon/server/api/DaemonCommandExecution;)V+4
j  org.gradle.launcher.daemon.server.api.DaemonCommandExecution.proceed()Z+28
j  org.gradle.launcher.daemon.server.exec.RequestStopIfSingleUsedDaemon.execute(Lorg/gradle/launcher/daemon/server/api/DaemonCommandExecution;)V+33
j  org.gradle.launcher.daemon.server.api.DaemonCommandExecution.proceed()Z+28
j  org.gradle.launcher.daemon.server.exec.ForwardClientInput$2.call()Ljava/lang/Void;+4
j  org.gradle.launcher.daemon.server.exec.ForwardClientInput$2.call()Ljava/lang/Object;+1
j  org.gradle.util.Swapper.swap(Ljava/lang/Object;Ljava/util/concurrent/Callable;)Ljava/lang/Object;+21
j  org.gradle.launcher.daemon.server.exec.ForwardClientInput.execute(Lorg/gradle/launcher/daemon/server/api/DaemonCommandExecution;)V+63
j  org.gradle.launcher.daemon.server.api.DaemonCommandExecution.proceed()Z+28
j  org.gradle.launcher.daemon.server.exec.LogAndCheckHealth.execute(Lorg/gradle/launcher/daemon/server/api/DaemonCommandExecution;)V+28
j  org.gradle.launcher.daemon.server.api.DaemonCommandExecution.proceed()Z+28
j  org.gradle.launcher.daemon.server.exec.LogToClient.doBuild(Lorg/gradle/launcher/daemon/server/api/DaemonCommandExecution;Lorg/gradle/launcher/daemon/protocol/Build;)V+87
j  org.gradle.launcher.daemon.server.exec.BuildCommandOnly.execute(Lorg/gradle/launcher/daemon/server/api/DaemonCommandExecution;)V+49
j  org.gradle.launcher.daemon.server.api.DaemonCommandExecution.proceed()Z+28
j  org.gradle.launcher.daemon.server.exec.EstablishBuildEnvironment.doBuild(Lorg/gradle/launcher/daemon/server/api/DaemonCommandExecution;Lorg/gradle/launcher/daemon/protocol/Build;)V+365
j  org.gradle.launcher.daemon.server.exec.BuildCommandOnly.execute(Lorg/gradle/launcher/daemon/server/api/DaemonCommandExecution;)V+49
j  org.gradle.launcher.daemon.server.api.DaemonCommandExecution.proceed()Z+28
j  org.gradle.launcher.daemon.server.exec.StartBuildOrRespondWithBusy$1.run()V+44
j  org.gradle.launcher.daemon.server.DaemonStateCoordinator$1.run()V+4
j  org.gradle.internal.concurrent.ExecutorPolicy$CatchAndRecordFailures.onExecute(Ljava/lang/Runnable;)V+1
j  org.gradle.internal.concurrent.ManagedExecutorImpl$1.run()V+25
j  java.util.concurrent.ThreadPoolExecutor.runWorker(Ljava/util/concurrent/ThreadPoolExecutor$Worker;)V+95
j  java.util.concurrent.ThreadPoolExecutor$Worker.run()V+5
j  org.gradle.internal.concurrent.ThreadFactoryImpl$ManagedThreadRunnable.run()V+7
j  java.lang.Thread.run()V+11
v  ~StubRoutines::call_stub

---------------  P R O C E S S  ---------------

Java Threads: ( => current thread )
  0x46026c00 JavaThread "ForkJoinPool.commonPool-worker-1" daemon [_thread_new, id=2848, stack(0x00000000,0x00000000)]
  0x46023000 JavaThread "Java2D Disposer" daemon [_thread_blocked, id=2236, stack(0x49db0000,0x49e00000)]
  0x46026800 JavaThread "Worker Daemon Execution Thread 7" [_thread_blocked, id=3772, stack(0x47ab0000,0x47b00000)]
  0x46026000 JavaThread "Worker Daemon Execution Thread 6" [_thread_blocked, id=1936, stack(0x4a0c0000,0x4a110000)]
  0x46025c00 JavaThread "Worker Daemon Execution Thread 5" [_thread_blocked, id=3728, stack(0x45680000,0x456d0000)]
  0x46025400 JavaThread "Worker Daemon Execution Thread 4" [_thread_blocked, id=2104, stack(0x45a80000,0x45ad0000)]
  0x46024c00 JavaThread "Worker Daemon Execution Thread 3" [_thread_blocked, id=2588, stack(0x46ff0000,0x47040000)]
  0x46024800 JavaThread "Worker Daemon Execution Thread 2" [_thread_blocked, id=1156, stack(0x49fd0000,0x4a020000)]
  0x46024000 JavaThread "Worker Daemon Execution" [_thread_blocked, id=172, stack(0x49f80000,0x49fd0000)]
  0x46023c00 JavaThread "Cache worker for task history cache (C:\Users\PETERR\AndroidStudioProjects\QRGen2\.gradle\4.1-rc-1\taskHistory)" [_thread_blocked, id=1216, stack(0x49e10000,0x49e60000)]
  0x46023400 JavaThread "build operations" [_thread_blocked, id=804, stack(0x47050000,0x470a0000)]
  0x46022800 JavaThread "Cache worker for Artifact transforms cache (C:\Users\PETERR\.gradle\caches\transforms-1)" [_thread_blocked, id=848, stack(0x45950000,0x459a0000)]
  0x46022000 JavaThread "Cache worker for file hash cache (C:\Users\PETERR\AndroidStudioProjects\QRGen2\.gradle\4.1-rc-1\fileHashes)" [_thread_blocked, id=3028, stack(0x47b00000,0x47b50000)]
  0x46021000 JavaThread "Stdin handler" [_thread_blocked, id=3400, stack(0x45c60000,0x45cb0000)]
  0x46021400 JavaThread "Asynchronous log dispatcher for DefaultDaemonConnection: socket connection from /127.0.0.1:49255 to /127.0.0.1:49263" [_thread_blocked, id=3076, stack(0x45ba0000,0x45bf0000)]
  0x46020400 JavaThread "Cancel handler" [_thread_blocked, id=3552, stack(0x45c10000,0x45c60000)]
  0x46020800 JavaThread "Handler for socket connection from /127.0.0.1:49255 to /127.0.0.1:49263" [_thread_in_native, id=1348, stack(0x44690000,0x446e0000)]
  0x46021c00 JavaThread "Memory manager" [_thread_blocked, id=2888, stack(0x45ad0000,0x45b20000)]
  0x45405400 JavaThread "File lock request listener" [_thread_in_native, id=100, stack(0x45ed0000,0x45f20000)]
  0x45443000 JavaThread "Cache worker for file hash cache (C:\Users\PETERR\.gradle\caches\4.1-rc-1\fileHashes)" [_thread_blocked, id=3924, stack(0x459b0000,0x45a00000)]
=>0x44b1c800 JavaThread "Daemon worker" [_thread_in_native, id=3916, stack(0x45b20000,0x45b70000)]
  0x45318c00 JavaThread "Daemon" [_thread_blocked, id=3172, stack(0x445a0000,0x445f0000)]
  0x4531d800 JavaThread "Daemon periodic checks" [_thread_blocked, id=3748, stack(0x44750000,0x447a0000)]
  0x452e8400 JavaThread "Incoming local TCP Connector on port 49255" [_thread_in_native, id=724, stack(0x456d0000,0x45720000)]
  0x452b2800 JavaThread "Daemon health stats" [_thread_blocked, id=2056, stack(0x443e0000,0x44430000)]
  0x4421a000 JavaThread "Service Thread" daemon [_thread_blocked, id=2908, stack(0x44480000,0x444d0000)]
  0x44212c00 JavaThread "C1 CompilerThread0" daemon [_thread_blocked, id=3860, stack(0x44830000,0x44880000)]
  0x44212000 JavaThread "Attach Listener" daemon [_thread_blocked, id=256, stack(0x444f0000,0x44540000)]
  0x4421f000 JavaThread "Signal Dispatcher" daemon [_thread_blocked, id=2644, stack(0x446f0000,0x44740000)]
  0x441d5000 JavaThread "Finalizer" daemon [_thread_blocked, id=3816, stack(0x445f0000,0x44640000)]
  0x441d3c00 JavaThread "Reference Handler" daemon [_thread_blocked, id=2176, stack(0x44640000,0x44690000)]
  0x01284000 JavaThread "main" [_thread_blocked, id=3060, stack(0x01160000,0x011b0000)]

Other Threads:
  0x441d0c00 VMThread [stack: 0x44430000,0x44480000] [id=2356]
  0x4421b000 WatcherThread [stack: 0x447e0000,0x44830000] [id=2224]

VM state:not at safepoint (normal execution)

VM Mutex/Monitor currently owned by a thread: None

Heap:
 def new generation   total 20096K, used 7503K [0x03a00000, 0x04fc0000, 0x18f50000)
  eden space 17920K,  36% used [0x03a00000, 0x0406c0a8, 0x04b80000)
  from space 2176K,  42% used [0x04da0000, 0x04e87b88, 0x04fc0000)
  to   space 2176K,   0% used [0x04b80000, 0x04b80000, 0x04da0000)
 tenured generation   total 44384K, used 39975K [0x18f50000, 0x1baa8000, 0x43a00000)
   the space 44384K,  90% used [0x18f50000, 0x1b659d38, 0x1b659e00, 0x1baa8000)
 Metaspace       used 37530K, capacity 38506K, committed 39168K, reserved 39296K

Card table byte_map: [0x43a00000,0x43c10000] byte_map_base: 0x439e3000

Polling page: 0x001a0000

CodeCache: size=32768Kb used=6852Kb max_used=6934Kb free=25915Kb
 bounds [0x019c0000, 0x02090000, 0x039c0000]
 total_blobs=4271 nmethods=3774 adapters=427
 compilation: enabled

Compilation events (10 events):
Event: 85.588 Thread 0x44212c00 4488             com.sun.org.apache.xerces.internal.dom.AttrNSImpl::getNamespaceURI (16 bytes)
Event: 85.588 Thread 0x44212c00 nmethod 4488 0x01b54f08 code [0x01b55000, 0x01b550a0]
Event: 85.603 Thread 0x44212c00 4489             com.android.ide.common.vectordrawable.PathParser::nextStart (60 bytes)
Event: 85.603 Thread 0x44212c00 nmethod 4489 0x01b56a88 code [0x01b56b90, 0x01b56d1c]
Event: 85.603 Thread 0x44212c00 4490             com.android.ide.common.vectordrawable.PathParser::extract (175 bytes)
Event: 85.604 Thread 0x44212c00 nmethod 4490 0x01d8a388 code [0x01d8a490, 0x01d8a6cc]
Event: 85.612 Thread 0x44212c00 4491             com.esotericsoftware.kryo.io.Output::writeString (125 bytes)
Event: 85.613 Thread 0x44212c00 nmethod 4491 0x01b040c8 code [0x01b04210, 0x01b043fc]
Event: 85.656 Thread 0x44212c00 4492             java.util.WeakHashMap$Entry::<init> (24 bytes)
Event: 85.657 Thread 0x44212c00 nmethod 4492 0x01b54cc8 code [0x01b54dc0, 0x01b54ea0]

GC Heap History (10 events):
Event: 82.057 GC heap before
{Heap before GC invocations=111 (full 5):
 def new generation   total 20096K, used 19517K [0x03a00000, 0x04fc0000, 0x18f50000)
  eden space 17920K, 100% used [0x03a00000, 0x04b80000, 0x04b80000)
  from space 2176K,  73% used [0x04b80000, 0x04d0f6e8, 0x04da0000)
  to   space 2176K,   0% used [0x04da0000, 0x04da0000, 0x04fc0000)
 tenured generation   total 44384K, used 28636K [0x18f50000, 0x1baa8000, 0x43a00000)
   the space 44384K,  64% used [0x18f50000, 0x1ab47308, 0x1ab47400, 0x1baa8000)
 Metaspace       used 35480K, capacity 36427K, committed 37248K, reserved 37248K
Event: 82.082 GC heap after
Heap after GC invocations=112 (full 5):
 def new generation   total 20096K, used 2176K [0x03a00000, 0x04fc0000, 0x18f50000)
  eden space 17920K,   0% used [0x03a00000, 0x03a00000, 0x04b80000)
  from space 2176K, 100% used [0x04da0000, 0x04fc0000, 0x04fc0000)
  to   space 2176K,   0% used [0x04b80000, 0x04b80000, 0x04da0000)
 tenured generation   total 44384K, used 30729K [0x18f50000, 0x1baa8000, 0x43a00000)
   the space 44384K,  69% used [0x18f50000, 0x1ad526d0, 0x1ad52800, 0x1baa8000)
 Metaspace       used 35480K, capacity 36427K, committed 37248K, reserved 37248K
}
Event: 83.373 GC heap before
{Heap before GC invocations=112 (full 5):
 def new generation   total 20096K, used 20096K [0x03a00000, 0x04fc0000, 0x18f50000)
  eden space 17920K, 100% used [0x03a00000, 0x04b80000, 0x04b80000)
  from space 2176K, 100% used [0x04da0000, 0x04fc0000, 0x04fc0000)
  to   space 2176K,   0% used [0x04b80000, 0x04b80000, 0x04da0000)
 tenured generation   total 44384K, used 30729K [0x18f50000, 0x1baa8000, 0x43a00000)
   the space 44384K,  69% used [0x18f50000, 0x1ad526d0, 0x1ad52800, 0x1baa8000)
 Metaspace       used 35863K, capacity 36799K, committed 37504K, reserved 38272K
Event: 83.394 GC heap after
Heap after GC invocations=113 (full 5):
 def new generation   total 20096K, used 1366K [0x03a00000, 0x04fc0000, 0x18f50000)
  eden space 17920K,   0% used [0x03a00000, 0x03a00000, 0x04b80000)
  from space 2176K,  62% used [0x04b80000, 0x04cd5bc8, 0x04da0000)
  to   space 2176K,   0% used [0x04da0000, 0x04da0000, 0x04fc0000)
 tenured generation   total 44384K, used 32790K [0x18f50000, 0x1baa8000, 0x43a00000)
   the space 44384K,  73% used [0x18f50000, 0x1af55a48, 0x1af55c00, 0x1baa8000)
 Metaspace       used 35863K, capacity 36799K, committed 37504K, reserved 38272K
}
Event: 83.953 GC heap before
{Heap before GC invocations=113 (full 5):
 def new generation   total 20096K, used 19286K [0x03a00000, 0x04fc0000, 0x18f50000)
  eden space 17920K, 100% used [0x03a00000, 0x04b80000, 0x04b80000)
  from space 2176K,  62% used [0x04b80000, 0x04cd5bc8, 0x04da0000)
  to   space 2176K,   0% used [0x04da0000, 0x04da0000, 0x04fc0000)
 tenured generation   total 44384K, used 32790K [0x18f50000, 0x1baa8000, 0x43a00000)
   the space 44384K,  73% used [0x18f50000, 0x1af55a48, 0x1af55c00, 0x1baa8000)
 Metaspace       used 35950K, capacity 36866K, committed 37632K, reserved 38272K
Event: 83.981 GC heap after
Heap after GC invocations=114 (full 5):
 def new generation   total 20096K, used 2176K [0x03a00000, 0x04fc0000, 0x18f50000)
  eden space 17920K,   0% used [0x03a00000, 0x03a00000, 0x04b80000)
  from space 2176K, 100% used [0x04da0000, 0x04fc0000, 0x04fc0000)
  to   space 2176K,   0% used [0x04b80000, 0x04b80000, 0x04da0000)
 tenured generation   total 44384K, used 35486K [0x18f50000, 0x1baa8000, 0x43a00000)
   the space 44384K,  79% used [0x18f50000, 0x1b1f7b38, 0x1b1f7c00, 0x1baa8000)
 Metaspace       used 35950K, capacity 36866K, committed 37632K, reserved 38272K
}
Event: 84.794 GC heap before
{Heap before GC invocations=114 (full 5):
 def new generation   total 20096K, used 20096K [0x03a00000, 0x04fc0000, 0x18f50000)
  eden space 17920K, 100% used [0x03a00000, 0x04b80000, 0x04b80000)
  from space 2176K, 100% used [0x04da0000, 0x04fc0000, 0x04fc0000)
  to   space 2176K,   0% used [0x04b80000, 0x04b80000, 0x04da0000)
 tenured generation   total 44384K, used 35486K [0x18f50000, 0x1baa8000, 0x43a00000)
   the space 44384K,  79% used [0x18f50000, 0x1b1f7b38, 0x1b1f7c00, 0x1baa8000)
 Metaspace       used 36221K, capacity 37204K, committed 37888K, reserved 38272K
Event: 84.819 GC heap after
Heap after GC invocations=115 (full 5):
 def new generation   total 20096K, used 2176K [0x03a00000, 0x04fc0000, 0x18f50000)
  eden space 17920K,   0% used [0x03a00000, 0x03a00000, 0x04b80000)
  from space 2176K, 100% used [0x04b80000, 0x04da0000, 0x04da0000)
  to   space 2176K,   0% used [0x04da0000, 0x04da0000, 0x04fc0000)
 tenured generation   total 44384K, used 37929K [0x18f50000, 0x1baa8000, 0x43a00000)
   the space 44384K,  85% used [0x18f50000, 0x1b45a440, 0x1b45a600, 0x1baa8000)
 Metaspace       used 36221K, capacity 37204K, committed 37888K, reserved 38272K
}
Event: 85.072 GC heap before
{Heap before GC invocations=115 (full 5):
 def new generation   total 20096K, used 20096K [0x03a00000, 0x04fc0000, 0x18f50000)
  eden space 17920K, 100% used [0x03a00000, 0x04b80000, 0x04b80000)
  from space 2176K, 100% used [0x04b80000, 0x04da0000, 0x04da0000)
  to   space 2176K,   0% used [0x04da0000, 0x04da0000, 0x04fc0000)
 tenured generation   total 44384K, used 37929K [0x18f50000, 0x1baa8000, 0x43a00000)
   the space 44384K,  85% used [0x18f50000, 0x1b45a440, 0x1b45a600, 0x1baa8000)
 Metaspace       used 36374K, capacity 37315K, committed 38016K, reserved 38272K
Event: 85.089 GC heap after
Heap after GC invocations=116 (full 5):
 def new generation   total 20096K, used 926K [0x03a00000, 0x04fc0000, 0x18f50000)
  eden space 17920K,   0% used [0x03a00000, 0x03a00000, 0x04b80000)
  from space 2176K,  42% used [0x04da0000, 0x04e87b88, 0x04fc0000)
  to   space 2176K,   0% used [0x04b80000, 0x04b80000, 0x04da0000)
 tenured generation   total 44384K, used 39975K [0x18f50000, 0x1baa8000, 0x43a00000)
   the space 44384K,  90% used [0x18f50000, 0x1b659d38, 0x1b659e00, 0x1baa8000)
 Metaspace       used 36374K, capacity 37315K, committed 38016K, reserved 38272K
}

Deoptimization events (0 events):
No events

Internal exceptions (10 events):
Event: 85.443 Thread 0x46025c00 Exception <a 'java/security/PrivilegedActionException'> (0x03def4d8) thrown at [C:\re\workspace\8-2-build-windows-i586-cygwin\jdk8u31\2394\hotspot\src\share\vm\prims\jvm.cpp, line 1312]
Event: 85.444 Thread 0x46025c00 Exception <a 'java/security/PrivilegedActionException'> (0x03df5d40) thrown at [C:\re\workspace\8-2-build-windows-i586-cygwin\jdk8u31\2394\hotspot\src\share\vm\prims\jvm.cpp, line 1312]
Event: 85.444 Thread 0x46025c00 Exception <a 'java/security/PrivilegedActionException'> (0x03dfe8b0) thrown at [C:\re\workspace\8-2-build-windows-i586-cygwin\jdk8u31\2394\hotspot\src\share\vm\prims\jvm.cpp, line 1312]
Event: 85.445 Thread 0x46025c00 Exception <a 'java/security/PrivilegedActionException'> (0x03e06ff8) thrown at [C:\re\workspace\8-2-build-windows-i586-cygwin\jdk8u31\2394\hotspot\src\share\vm\prims\jvm.cpp, line 1312]
Event: 85.446 Thread 0x46025c00 Exception <a 'java/security/PrivilegedActionException'> (0x03e0deb8) thrown at [C:\re\workspace\8-2-build-windows-i586-cygwin\jdk8u31\2394\hotspot\src\share\vm\prims\jvm.cpp, line 1312]
Event: 85.654 Thread 0x44b1c800 Exception <a 'java/security/PrivilegedActionException'> (0x03b9f368) thrown at [C:\re\workspace\8-2-build-windows-i586-cygwin\jdk8u31\2394\hotspot\src\share\vm\prims\jvm.cpp, line 1312]
Event: 85.656 Thread 0x44b1c800 Exception <a 'java/security/PrivilegedActionException'> (0x04026288) thrown at [C:\re\workspace\8-2-build-windows-i586-cygwin\jdk8u31\2394\hotspot\src\share\vm\prims\jvm.cpp, line 1312]
Event: 85.657 Thread 0x44b1c800 Exception <a 'java/security/PrivilegedActionException'> (0x0402ad18) thrown at [C:\re\workspace\8-2-build-windows-i586-cygwin\jdk8u31\2394\hotspot\src\share\vm\prims\jvm.cpp, line 1312]
Event: 85.658 Thread 0x44b1c800 Exception <a 'java/security/PrivilegedActionException'> (0x04030468) thrown at [C:\re\workspace\8-2-build-windows-i586-cygwin\jdk8u31\2394\hotspot\src\share\vm\prims\jvm.cpp, line 1312]
Event: 85.659 Thread 0x44b1c800 Exception <a 'java/security/PrivilegedActionException'> (0x04036490) thrown at [C:\re\workspace\8-2-build-windows-i586-cygwin\jdk8u31\2394\hotspot\src\share\vm\prims\jvm.cpp, line 1312]

Events (10 events):
Event: 85.654 loading class com/android/builder/internal/aapt/v2/AaptV2CommandBuilder
Event: 85.654 loading class com/android/builder/internal/aapt/v2/AaptV2CommandBuilder done
Event: 85.656 loading class com/android/tools/aapt2/Aapt2Result
Event: 85.656 loading class com/android/tools/aapt2/Aapt2Result done
Event: 85.657 loading class com/android/tools/aapt2/Aapt2Result$Builder
Event: 85.657 loading class com/android/tools/aapt2/Aapt2Result$Builder done
Event: 85.658 loading class com/android/tools/aapt2/AutoValue_Aapt2Result$Builder
Event: 85.658 loading class com/android/tools/aapt2/AutoValue_Aapt2Result$Builder done
Event: 85.659 loading class com/android/tools/aapt2/AutoValue_Aapt2Result
Event: 85.659 loading class com/android/tools/aapt2/AutoValue_Aapt2Result done


Dynamic libraries:
0x01250000 - 0x01280000 	C:\Program Files\Java\jdk1.8.0_31\bin\java.exe
0x77530000 - 0x7766c000 	C:\Windows\SYSTEM32\ntdll.dll
0x765c0000 - 0x76694000 	C:\Windows\system32\kernel32.dll
0x75820000 - 0x7586a000 	C:\Windows\system32\KERNELBASE.dll
0x76450000 - 0x764f0000 	C:\Windows\system32\ADVAPI32.dll
0x776a0000 - 0x7774c000 	C:\Windows\system32\msvcrt.dll
0x77680000 - 0x77699000 	C:\Windows\SYSTEM32\sechost.dll
0x75c20000 - 0x75cc1000 	C:\Windows\system32\RPCRT4.dll
0x764f0000 - 0x765b9000 	C:\Windows\system32\USER32.dll
0x760a0000 - 0x760ee000 	C:\Windows\system32\GDI32.dll
0x77670000 - 0x7767a000 	C:\Windows\system32\LPK.dll
0x76310000 - 0x763ad000 	C:\Windows\system32\USP10.dll
0x74610000 - 0x747ae000 	C:\Windows\WinSxS\x86_microsoft.windows.common-controls_6595b64144ccf1df_6.0.7601.17514_none_41e6975e2bd6f2b2\COMCTL32.dll
0x763c0000 - 0x76417000 	C:\Windows\system32\SHLWAPI.dll
0x75b30000 - 0x75b4f000 	C:\Windows\system32\IMM32.DLL
0x75b50000 - 0x75c1c000 	C:\Windows\system32\MSCTF.dll
0x67ba0000 - 0x67c5f000 	C:\Program Files\Java\jdk1.8.0_31\jre\bin\msvcr100.dll
0x608e0000 - 0x60c84000 	C:\Program Files\Java\jdk1.8.0_31\jre\bin\client\jvm.dll
0x74900000 - 0x74907000 	C:\Windows\system32\WSOCK32.dll
0x766a0000 - 0x766d5000 	C:\Windows\system32\WS2_32.dll
0x760f0000 - 0x760f6000 	C:\Windows\system32\NSI.dll
0x73b00000 - 0x73b32000 	C:\Windows\system32\WINMM.dll
0x763b0000 - 0x763b5000 	C:\Windows\system32\PSAPI.DLL
0x73820000 - 0x7382c000 	C:\Program Files\Java\jdk1.8.0_31\jre\bin\verify.dll
0x737f0000 - 0x73811000 	C:\Program Files\Java\jdk1.8.0_31\jre\bin\java.dll
0x6bb40000 - 0x6bb53000 	C:\Program Files\Java\jdk1.8.0_31\jre\bin\zip.dll
0x766e0000 - 0x7732a000 	C:\Windows\system32\SHELL32.dll
0x759d0000 - 0x75b2c000 	C:\Windows\system32\ole32.dll
0x75680000 - 0x7568b000 	C:\Windows\system32\profapi.dll
0x6f4f0000 - 0x6f505000 	C:\Program Files\Java\jdk1.8.0_31\jre\bin\net.dll
0x750c0000 - 0x750fc000 	C:\Windows\system32\mswsock.dll
0x750b0000 - 0x750b6000 	C:\Windows\System32\wship6.dll
0x747d0000 - 0x747df000 	C:\Program Files\Java\jdk1.8.0_31\jre\bin\nio.dll
0x6bb70000 - 0x6bb89000 	C:\Users\PETERR\.gradle\native\25\windows-i386\native-platform.dll
0x736c0000 - 0x736ca000 	C:\Program Files\Java\jdk1.8.0_31\jre\bin\management.dll
0x75100000 - 0x75116000 	C:\Windows\system32\CRYPTSP.dll
0x74ea0000 - 0x74edb000 	C:\Windows\system32\rsaenh.dll
0x74ce0000 - 0x74cf7000 	C:\Windows\system32\USERENV.dll
0x755d0000 - 0x755dc000 	C:\Windows\system32\CRYPTBASE.dll
0x73790000 - 0x737ac000 	C:\Windows\system32\IPHLPAPI.DLL
0x73780000 - 0x73787000 	C:\Windows\system32\WINNSI.DLL
0x735c0000 - 0x735d2000 	C:\Windows\system32\dhcpcsvc.DLL
0x735b0000 - 0x735bd000 	C:\Windows\system32\dhcpcsvc6.DLL
0x64b40000 - 0x64b58000 	C:\Users\PETERR\AppData\Local\Temp\aapt2_8799593634421401170\libwinpthread-1.dll
0x63940000 - 0x63bfb000 	C:\Users\PETERR\AppData\Local\Temp\aapt2_8799593634421401170\libaapt2_jni.dll
0x62be0000 - 0x62d26000 	C:\Program Files\Java\jdk1.8.0_31\jre\bin\awt.dll
0x76200000 - 0x7628f000 	C:\Windows\system32\OLEAUT32.dll
0x74080000 - 0x74093000 	C:\Windows\system32\DWMAPI.DLL
0x6bb90000 - 0x6bbb4000 	C:\Program Files\Java\jdk1.8.0_31\jre\bin\dcpr.dll
0x68090000 - 0x6817b000 	C:\Windows\system32\dbghelp.dll

VM Arguments:
jvm_args: -Xmx1024m -Dfile.encoding=windows-1252 -Duser.country=US -Duser.language=en -Duser.variant 
java_command: org.gradle.launcher.daemon.bootstrap.GradleDaemon 4.1-rc-1
java_class_path (initial): C:\Program Files\Android\android studio preview\gradle\gradle-4.1-rc-1\lib\gradle-launcher-4.1.jar
Launcher Type: SUN_STANDARD

Environment Variables:
JAVA_HOME=C:\Program Files\Java\jdk1.8.0_31
PATH=C:\ProgramData\Oracle\Java\javapath;C:\Windows\system32;C:\Windows;C:\Windows\System32\Wbem;C:\Windows\System32\WindowsPowerShell\v1.0\;C:\Program Files\MATLAB\R2007b\bin;C:\Program Files\MATLAB\R2007b\bin\win32;C:\Program Files\Git\cmd
USERNAME=PETERR
OS=Windows_NT
PROCESSOR_IDENTIFIER=x86 Family 6 Model 22 Stepping 1, GenuineIntel



---------------  S Y S T E M  ---------------

OS: Windows 7 Build 7601 Service Pack 1

CPU:total 1 (1 cores per cpu, 1 threads per core) family 6 model 22 stepping 1, cmov, cx8, fxsr, mmx, sse, sse2, sse3, ssse3, tsc

Memory: 4k page, physical 3136824k(1569164k free), swap 6271892k(4470128k free)

vm_info: Java HotSpot(TM) Client VM (25.31-b07) for windows-x86 JRE (1.8.0_31-b13), built on Dec 17 2014 20:46:12 by "java_re" with MS VC++ 10.0 (VS2010)

time: Mon Nov 06 20:56:52 2017
elapsed time: 85 seconds (0d 0h 1m 25s)

